#
# A fatal error has been detected by the Java Runtime Environment:
#
#  SIGSEGV (0xb) at pc=0x000000012333e58d, pid=1017, tid=2571
#
# JRE version: Java(TM) SE Runtime Environment (8.0_45-b14) (build 1.8.0_45-b14)
# Java VM: Java HotSpot(TM) 64-Bit Server VM (25.45-b02 mixed mode bsd-amd64 compressed oops)
# Problematic frame:
# C  [libglass.dylib+0x1558d]  GlassScreenDidChangeScreenParameters+0x9d
#
# Failed to write core dump. Core dumps have been disabled. To enable core dumping, try "ulimit -c unlimited" before starting Java again
#
# If you would like to submit a bug report, please visit:
#   http://bugreport.java.com/bugreport/crash.jsp
#

---------------  T H R E A D  ---------------

Current thread is native thread

siginfo: si_signo: 11 (SIGSEGV), si_code: 1 (SEGV_MAPERR), si_addr: 0x0000000000000000

Registers:
RAX=0x0000000123370bc0, RBX=0x0000000000000000, RCX=0x0000000000000103, RDX=0x00007faa114b2390
RSP=0x00007fff5c39a9d0, RBP=0x00007fff5c39a9e0, RSI=0x00007faa115023d0, RDI=0x0000000000000000
R8 =0x0000000000000040, R9 =0x00007fff7ef201e0, R10=0xffffffffffffffff, R11=0x0000000000000246
R12=0x00007faa114c9e10, R13=0x00007faa11666220, R14=0x00007faa116662e0, R15=0x0000000000000000
RIP=0x000000012333e58d, EFLAGS=0x0000000000010206, ERR=0x0000000000000004
  TRAPNO=0x000000000000000e

Top of Stack: (sp=0x00007fff5c39a9d0)
0x00007fff5c39a9d0:   00007fff5c39aa28 00007faa116662e0
0x00007fff5c39a9e0:   00007fff5c39a9f0 00007fff93febbbc
0x00007fff5c39a9f0:   00007fff5c39aa10 00007fff93febb4f
0x00007fff5c39aa00:   0000000000000000 0000000000000000
0x00007fff5c39aa10:   00007fff5c39aa80 00007fff93febac7
0x00007fff5c39aa20:   00007fff943ac6c0 00007fff7f5aa0a0
0x00007fff5c39aa30:   0000000042000000 00007fff93febb10
0x00007fff5c39aa40:   00007fff7ce14720 00007faa11666220
0x00007fff5c39aa50:   00007faa114c9e10 00007fff5c39b228
0x00007fff5c39aa60:   00007fff7cf41780 00007fff5c39b228
0x00007fff5c39aa70:   00007faa11666220 00007fff943ab9e2
0x00007fff5c39aa80:   00007fff5c39aac0 00007fff93feb832
0x00007fff5c39aa90:   00007fff5c39b0a0 0000000000000000
0x00007fff5c39aaa0:   00007fff7cf41780 00007fff5c39b228
0x00007fff5c39aab0:   00007fff967f44c0 00007fff943ab9e2
0x00007fff5c39aac0:   00007fff5c39b1d0 00007fff93fa85e2
0x00007fff5c39aad0:   00007faa1143b700 0000000000000002
0x00007fff5c39aae0:   0000000000000000 00007faa11410400
0x00007fff5c39aaf0:   00007faa12803048 00007faa114347f0
0x00007fff5c39ab00:   0000000000000000 00007faa11666340
0x00007fff5c39ab10:   0000000000000000 0000000000000000
0x00007fff5c39ab20:   00007fff7ce51bc0 00007fff5c39b0a0
0x00007fff5c39ab30:   0000000000000001 0000000000000100
0x00007fff5c39ab40:   0000000000000300 00007fff5c39afa0
0x00007fff5c39ab50:   0000000000000000 0000000000000100
0x00007fff5c39ab60:   409d340000000000 00007fff7cf41780
0x00007fff5c39ab70:   0000000000000000 00007fff7ce15500
0x00007fff5c39ab80:   00007fff7cf41780 0000000000000000
0x00007fff5c39ab90:   00007fff7ce15500 00007faa11492550
0x00007fff5c39aba0:   00007faa1143b700 0000000000000002
0x00007fff5c39abb0:   0000000000000000 00007fff967f44c0
0x00007fff5c39abc0:   00007fff5c39ad80 00007fff95bd2584 

Instructions: (pc=0x000000012333e58d)
0x000000012333e56d:   89 df 4c 89 f1 41 ff 90 68 04 00 00 48 8d 05 48
0x000000012333e57d:   25 03 00 48 8b 30 48 8d 05 36 26 03 00 48 8b 10
0x000000012333e58d:   48 8b 0b 30 c0 48 89 df ff 91 68 04 00 00 48 8b
0x000000012333e59d:   03 48 89 df ff 50 78 48 85 c0 74 36 49 89 c6 48 

Register to memory mapping:

RAX=0x0000000123370bc0: jScreenNotifySettingsChanged+0 in /Library/Java/JavaVirtualMachines/jdk1.8.0_45.jdk/Contents/Home/jre/lib/libglass.dylib at 0x0000000123329000
RBX=0x0000000000000000 is an unknown value
RCX=0x0000000000000103 is an unknown value
RDX=0x00007faa114b2390 is an unknown value
RSP=0x00007fff5c39a9d0 is an unknown value
RBP=0x00007fff5c39a9e0 is an unknown value
RSI=0x00007faa115023d0 is a global jni handle
RDI=0x0000000000000000 is an unknown value
R8 =0x0000000000000040 is an unknown value
R9 =0x00007fff7ef201e0: __sFX+0x1c0 in /usr/lib/system/libsystem_c.dylib at 0x00007fff9db2a000
R10=0xffffffffffffffff is an unknown value
R11=0x0000000000000246 is an unknown value
R12=0x00007faa114c9e10 is an unknown value
R13=0x00007faa11666220 is an unknown value
R14=0x00007faa116662e0 is an unknown value
R15=0x0000000000000000 is an unknown value


Stack: [0x00007fff5bb9e000,0x00007fff5c39e000],  sp=0x00007fff5c39a9d0,  free space=8178k
Native frames: (J=compiled Java code, j=interpreted, Vv=VM code, C=native code)
C  [libglass.dylib+0x1558d]  GlassScreenDidChangeScreenParameters+0x9d
C  [CoreFoundation+0xa0bbc]  __CFNOTIFICATIONCENTER_IS_CALLING_OUT_TO_AN_OBSERVER__+0xc
C  [CoreFoundation+0xa0b4f]  ___CFXRegistrationPost_block_invoke+0x3f
C  [CoreFoundation+0xa0ac7]  _CFXRegistrationPost+0x197
C  [CoreFoundation+0xa0832]  ___CFXNotificationPost_block_invoke+0x32
C  [CoreFoundation+0x5d5e2]  -[_CFXNotificationRegistrar find:object:observer:enumerator:]+0x782
C  [CoreFoundation+0x5c835]  _CFXNotificationPost+0x2b5
C  [Foundation+0x6fda]  -[NSNotificationCenter postNotificationName:object:userInfo:]+0x42
C  [AppKit+0x41c157]  -[NSApplication _reactToScreenInvalidationImmediately:]+0x17f
C  [AppKit+0x41bfa8]  __44-[NSApplication _reactToScreenInvalidation:]_block_invoke+0x3b
C  [CoreFoundation+0xaa4ac]  __CFRUNLOOP_IS_CALLING_OUT_TO_A_BLOCK__+0xc
C  [CoreFoundation+0x89d05]  __CFRunLoopDoBlocks+0x155
C  [CoreFoundation+0x89a6b]  __CFRunLoopRun+0x92b
C  [CoreFoundation+0x88ed8]  CFRunLoopRunSpecific+0x128
C  [java+0x6490]  CreateExecutionEnvironment+0x367
C  [java+0x221c]  JLI_Launch+0x7a0
C  [java+0x84ed]  main+0x65
C  [java+0x1a74]  start+0x34


---------------  P R O C E S S  ---------------

VM state:at safepoint (normal execution)

VM Mutex/Monitor currently owned by a thread:  ([mutex/lock_event])
[0x00007faa116131c0] Threads_lock - owner thread: 0x00007faa1200d000
[0x00007faa116136c0] Heap_lock - owner thread: 0x00007faa1189d000

Heap:
 PSYoungGen      total 76288K, used 18225K [0x000000076ab00000, 0x0000000770000000, 0x00000007c0000000)
  eden space 65536K, 12% used [0x000000076ab00000,0x000000076b2c4610,0x000000076eb00000)
  from space 10752K, 95% used [0x000000076eb00000,0x000000076f508060,0x000000076f580000)
  to   space 10752K, 0% used [0x000000076f580000,0x000000076f580000,0x0000000770000000)
 ParOldGen       total 175104K, used 16K [0x00000006c0000000, 0x00000006cab00000, 0x000000076ab00000)
  object space 175104K, 0% used [0x00000006c0000000,0x00000006c0004000,0x00000006cab00000)
 Metaspace       used 17514K, capacity 18606K, committed 18816K, reserved 1064960K
  class space    used 2432K, capacity 2678K, committed 2688K, reserved 1048576K

Card table byte_map: [0x0000000114f29000,0x000000011572a000] byte_map_base: 0x0000000111929000

Marking Bits: (ParMarkBitMap*) 0x00000001054c27a0
 Begin Bits: [0x0000000115c80000, 0x0000000119c80000)
 End Bits:   [0x0000000119c80000, 0x000000011dc80000)

Polling page: 0x0000000103b57000

CodeCache: size=245760Kb used=11307Kb max_used=11307Kb free=234453Kb
 bounds [0x0000000105b69000, 0x0000000106689000, 0x0000000114b69000]
 total_blobs=4040 nmethods=3387 adapters=565
 compilation: enabled

Compilation events (10 events):
Event: 45.784 Thread 0x00007faa12841000 3384       3       jdk.internal.org.objectweb.asm.ClassWriter::visitEnd (1 bytes)
Event: 45.784 Thread 0x00007faa12841000 nmethod 3384 0x0000000106676190 code [0x00000001066762e0, 0x0000000106676430]
Event: 45.784 Thread 0x00007faa12841000 3385       3       java.lang.invoke.Invokers::checkGenericType (16 bytes)
Event: 45.784 Thread 0x00007faa12841000 nmethod 3385 0x0000000106677990 code [0x0000000106677b20, 0x0000000106678128]
Event: 45.784 Thread 0x00007faa12841000 3386       3       java.lang.invoke.MethodHandles$Lookup::resolveOrFail (39 bytes)
Event: 45.785 Thread 0x00007faa12841000 nmethod 3386 0x0000000106678310 code [0x0000000106678520, 0x0000000106679348]
Event: 45.785 Thread 0x00007faa12841000 3387       3       java.lang.invoke.MethodHandles$Lookup::getDirectMethodForConstant (70 bytes)
Event: 45.786 Thread 0x00007faa12841000 nmethod 3387 0x0000000106679750 code [0x00000001066799e0, 0x000000010667a8c8]
Event: 45.786 Thread 0x00007faa12841000 3388       3       java.lang.invoke.MethodHandles$Lookup::getDirectMethodNoSecurityManager (12 bytes)
Event: 45.786 Thread 0x00007faa12841000 nmethod 3388 0x0000000106675dd0 code [0x0000000106675f40, 0x00000001066760e8]

GC Heap History (2 events):
Event: 10.120 GC heap before
{Heap before GC invocations=1 (full 0):
 PSYoungGen      total 76288K, used 65536K [0x000000076ab00000, 0x0000000770000000, 0x00000007c0000000)
  eden space 65536K, 100% used [0x000000076ab00000,0x000000076eb00000,0x000000076eb00000)
  from space 10752K, 0% used [0x000000076f580000,0x000000076f580000,0x0000000770000000)
  to   space 10752K, 0% used [0x000000076eb00000,0x000000076eb00000,0x000000076f580000)
 ParOldGen       total 175104K, used 0K [0x00000006c0000000, 0x00000006cab00000, 0x000000076ab00000)
  object space 175104K, 0% used [0x00000006c0000000,0x00000006c0000000,0x00000006cab00000)
 Metaspace       used 17387K, capacity 18406K, committed 18560K, reserved 1064960K
  class space    used 2422K, capacity 2666K, committed 2688K, reserved 1048576K
Event: 10.129 GC heap after
Heap after GC invocations=1 (full 0):
 PSYoungGen      total 76288K, used 10272K [0x000000076ab00000, 0x0000000770000000, 0x00000007c0000000)
  eden space 65536K, 0% used [0x000000076ab00000,0x000000076ab00000,0x000000076eb00000)
  from space 10752K, 95% used [0x000000076eb00000,0x000000076f508060,0x000000076f580000)
  to   space 10752K, 0% used [0x000000076f580000,0x000000076f580000,0x0000000770000000)
 ParOldGen       total 175104K, used 16K [0x00000006c0000000, 0x00000006cab00000, 0x000000076ab00000)
  object space 175104K, 0% used [0x00000006c0000000,0x00000006c0004000,0x00000006cab00000)
 Metaspace       used 17387K, capacity 18406K, committed 18560K, reserved 1064960K
  class space    used 2422K, capacity 2666K, committed 2688K, reserved 1048576K
}

Deoptimization events (10 events):
Event: 8.523 Thread 0x00007faa12177800 Uncommon trap: reason=unstable_if action=reinterpret pc=0x00000001061e95c0 method=javafx.scene.CssStyleHelper.lookupInheritedFontProperty(Ljavafx/css/Styleable;Ljava/lang/String;Lcom/sun/javafx/css/StyleMap;ILcom/sun/javafx/css/CascadingStyle;)Lcom/sun/ja
Event: 8.529 Thread 0x00007faa12177800 Uncommon trap: reason=bimorphic action=maybe_recompile pc=0x000000010646b710 method=javafx.scene.Parent.prefHeight(D)D @ 24
Event: 8.529 Thread 0x00007faa12177800 Uncommon trap: reason=bimorphic action=maybe_recompile pc=0x000000010646b710 method=javafx.scene.Parent.prefHeight(D)D @ 24
Event: 33.024 Thread 0x00007faa12177800 Uncommon trap: reason=bimorphic action=maybe_recompile pc=0x000000010646b710 method=javafx.scene.Parent.prefHeight(D)D @ 24
Event: 33.024 Thread 0x00007faa12177800 Uncommon trap: reason=bimorphic action=maybe_recompile pc=0x000000010646b710 method=javafx.scene.Parent.prefHeight(D)D @ 24
Event: 33.126 Thread 0x00007faa12177800 Uncommon trap: reason=class_check action=maybe_recompile pc=0x0000000106503f14 method=javafx.scene.Scene.getFocusOwner()Ljavafx/scene/Node; @ 7
Event: 33.126 Thread 0x00007faa12177800 Uncommon trap: reason=class_check action=maybe_recompile pc=0x0000000106503f88 method=javafx.scene.Scene.getFocusOwner()Ljavafx/scene/Node; @ 7
Event: 33.126 Thread 0x00007faa12177800 Uncommon trap: reason=class_check action=maybe_recompile pc=0x0000000106503f14 method=javafx.scene.Scene.getFocusOwner()Ljavafx/scene/Node; @ 7
Event: 33.126 Thread 0x00007faa12177800 Uncommon trap: reason=class_check action=maybe_recompile pc=0x0000000106503f88 method=javafx.scene.Scene.getFocusOwner()Ljavafx/scene/Node; @ 7
Event: 33.126 Thread 0x00007faa12177800 Uncommon trap: reason=class_check action=maybe_recompile pc=0x00000001065157e4 method=javafx.scene.Scene.getFocusOwner()Ljavafx/scene/Node; @ 7

Internal exceptions (10 events):
Event: 0.123 Thread 0x00007faa14001800 Exception <a 'java/lang/NoSuchFieldError': method resolution failed> (0x000000076af59ba0) thrown at [/Users/java_re/workspace/8-2-build-macosx-x86_64/jdk8u45/3457/hotspot/src/share/vm/prims/methodHandles.cpp, line 1125]
Event: 0.138 Thread 0x00007faa14001800 Exception <a 'java/security/PrivilegedActionException'> (0x000000076afe65c0) thrown at [/Users/java_re/workspace/8-2-build-macosx-x86_64/jdk8u45/3457/hotspot/src/share/vm/prims/jvm.cpp, line 1382]
Event: 0.138 Thread 0x00007faa14001800 Exception <a 'java/security/PrivilegedActionException'> (0x000000076afe6778) thrown at [/Users/java_re/workspace/8-2-build-macosx-x86_64/jdk8u45/3457/hotspot/src/share/vm/prims/jvm.cpp, line 1382]
Event: 0.139 Thread 0x00007faa14001800 Exception <a 'java/security/PrivilegedActionException'> (0x000000076afe9968) thrown at [/Users/java_re/workspace/8-2-build-macosx-x86_64/jdk8u45/3457/hotspot/src/share/vm/prims/jvm.cpp, line 1382]
Event: 0.139 Thread 0x00007faa14001800 Exception <a 'java/security/PrivilegedActionException'> (0x000000076afe9b20) thrown at [/Users/java_re/workspace/8-2-build-macosx-x86_64/jdk8u45/3457/hotspot/src/share/vm/prims/jvm.cpp, line 1382]
Event: 0.139 Thread 0x00007faa14001800 Exception <a 'java/lang/NullPointerException'> (0x000000076afea2b8) thrown at [/Users/java_re/workspace/8-2-build-macosx-x86_64/jdk8u45/3457/hotspot/src/share/vm/interpreter/linkResolver.cpp, line 1178]
Event: 0.366 Thread 0x00007faa12177800 Exception <a 'java/lang/NullPointerException'> (0x000000076bb28600) thrown at [/Users/java_re/workspace/8-2-build-macosx-x86_64/jdk8u45/3457/hotspot/src/share/vm/interpreter/linkResolver.cpp, line 1178]
Event: 0.366 Thread 0x00007faa12177800 Exception <a 'java/lang/NullPointerException'> (0x000000076bb28600) thrown at [/Users/java_re/workspace/8-2-build-macosx-x86_64/jdk8u45/3457/hotspot/src/share/vm/prims/jvm.cpp, line 1386]
Event: 0.491 Thread 0x00007faa12177800 Implicit null exception at 0x0000000105da32b5 to 0x0000000105da34ad
Event: 2.023 Thread 0x00007faa12177800 Implicit null exception at 0x00000001061281ce to 0x0000000106128225

Events (10 events):
Event: 51.001 Executing VM operation: RevokeBias
Event: 51.001 Executing VM operation: RevokeBias done
Event: 51.001 Thread 0x00007faa19ba0800 Thread exited: 0x00007faa19ba0800
Event: 51.001 loading class java/util/IdentityHashMap$KeySet
Event: 51.001 loading class java/util/IdentityHashMap$KeySet done
Event: 51.001 loading class java/util/IdentityHashMap$KeyIterator
Event: 51.001 loading class java/util/IdentityHashMap$IdentityHashMapIterator
Event: 51.001 loading class java/util/IdentityHashMap$IdentityHashMapIterator done
Event: 51.001 loading class java/util/IdentityHashMap$KeyIterator done
Event: 51.001 Thread 0x00007faa1189d000 Thread exited: 0x00007faa1189d000


Dynamic libraries:
0x000000000b187000 	/System/Library/Frameworks/Cocoa.framework/Versions/A/Cocoa
0x000000000b187000 	/System/Library/Frameworks/Security.framework/Versions/A/Security
0x000000000b187000 	/System/Library/Frameworks/ApplicationServices.framework/Versions/A/ApplicationServices
0x000000000b187000 	/usr/lib/libz.1.dylib
0x000000000b187000 	/usr/lib/libSystem.B.dylib
0x000000000b187000 	/usr/lib/libobjc.A.dylib
0x000000000b187000 	/System/Library/Frameworks/CoreFoundation.framework/Versions/A/CoreFoundation
0x000000000b187000 	/System/Library/Frameworks/Foundation.framework/Versions/C/Foundation
0x000000000b187000 	/System/Library/Frameworks/AppKit.framework/Versions/C/AppKit
0x000000000b187000 	/System/Library/Frameworks/CoreData.framework/Versions/A/CoreData
0x000000000b187000 	/System/Library/PrivateFrameworks/RemoteViewServices.framework/Versions/A/RemoteViewServices
0x000000000b187000 	/System/Library/PrivateFrameworks/UIFoundation.framework/Versions/A/UIFoundation
0x000000000b187000 	/usr/lib/libScreenReader.dylib
0x000000000b187000 	/System/Library/Frameworks/Accelerate.framework/Versions/A/Accelerate
0x000000000b187000 	/System/Library/Frameworks/IOSurface.framework/Versions/A/IOSurface
0x000000000b187000 	/System/Library/Frameworks/AudioToolbox.framework/Versions/A/AudioToolbox
0x000000000b187000 	/System/Library/Frameworks/AudioUnit.framework/Versions/A/AudioUnit
0x000000000b187000 	/System/Library/PrivateFrameworks/DataDetectorsCore.framework/Versions/A/DataDetectorsCore
0x000000000b187000 	/System/Library/PrivateFrameworks/DesktopServicesPriv.framework/Versions/A/DesktopServicesPriv
0x000000000b187000 	/System/Library/Frameworks/Carbon.framework/Versions/A/Frameworks/HIToolbox.framework/Versions/A/HIToolbox
0x000000000b187000 	/System/Library/Frameworks/QuartzCore.framework/Versions/A/QuartzCore
0x000000000b187000 	/System/Library/Frameworks/Carbon.framework/Versions/A/Frameworks/SpeechRecognition.framework/Versions/A/SpeechRecognition
0x000000000b187000 	/usr/lib/libauto.dylib
0x000000000b187000 	/usr/lib/libicucore.A.dylib
0x000000000b187000 	/usr/lib/libxml2.2.dylib
0x000000000b187000 	/System/Library/PrivateFrameworks/CoreUI.framework/Versions/A/CoreUI
0x000000000b187000 	/System/Library/Frameworks/CoreAudio.framework/Versions/A/CoreAudio
0x000000000b187000 	/System/Library/Frameworks/DiskArbitration.framework/Versions/A/DiskArbitration
0x000000000b187000 	/usr/lib/liblangid.dylib
0x000000000b187000 	/System/Library/PrivateFrameworks/MultitouchSupport.framework/Versions/A/MultitouchSupport
0x000000000b187000 	/System/Library/Frameworks/IOKit.framework/Versions/A/IOKit
0x000000000b187000 	/usr/lib/libDiagnosticMessagesClient.dylib
0x000000000b187000 	/System/Library/Frameworks/CoreServices.framework/Versions/A/CoreServices
0x000000000b187000 	/System/Library/PrivateFrameworks/PerformanceAnalysis.framework/Versions/A/PerformanceAnalysis
0x000000000b187000 	/System/Library/PrivateFrameworks/GenerationalStorage.framework/Versions/A/GenerationalStorage
0x000000000b187000 	/System/Library/Frameworks/OpenGL.framework/Versions/A/OpenGL
0x000000000b187000 	/System/Library/PrivateFrameworks/Sharing.framework/Versions/A/Sharing
0x000000000b187000 	/System/Library/Frameworks/CoreGraphics.framework/Versions/A/CoreGraphics
0x000000000b187000 	/System/Library/Frameworks/CoreImage.framework/Versions/A/CoreImage
0x000000000b187000 	/System/Library/Frameworks/CoreText.framework/Versions/A/CoreText
0x000000000b187000 	/System/Library/Frameworks/ImageIO.framework/Versions/A/ImageIO
0x000000000b187000 	/System/Library/PrivateFrameworks/Backup.framework/Versions/A/Backup
0x000000000b187000 	/usr/lib/libextension.dylib
0x000000000b187000 	/usr/lib/libarchive.2.dylib
0x000000000b187000 	/System/Library/Frameworks/CFNetwork.framework/Versions/A/CFNetwork
0x000000000b187000 	/System/Library/Frameworks/SystemConfiguration.framework/Versions/A/SystemConfiguration
0x000000000b187000 	/usr/lib/libCRFSuite.dylib
0x000000000b187000 	/usr/lib/libc++.1.dylib
0x000000000b187000 	/usr/lib/libc++abi.dylib
0x000000000b187000 	/usr/lib/system/libcache.dylib
0x000000000b187000 	/usr/lib/system/libcommonCrypto.dylib
0x000000000b187000 	/usr/lib/system/libcompiler_rt.dylib
0x000000000b187000 	/usr/lib/system/libcopyfile.dylib
0x000000000b187000 	/usr/lib/system/libcorecrypto.dylib
0x000000000b187000 	/usr/lib/system/libdispatch.dylib
0x000000000b187000 	/usr/lib/system/libdyld.dylib
0x000000000b187000 	/usr/lib/system/libkeymgr.dylib
0x000000000b187000 	/usr/lib/system/liblaunch.dylib
0x000000000b187000 	/usr/lib/system/libmacho.dylib
0x000000000b187000 	/usr/lib/system/libquarantine.dylib
0x000000000b187000 	/usr/lib/system/libremovefile.dylib
0x000000000b187000 	/usr/lib/system/libsystem_asl.dylib
0x000000000b187000 	/usr/lib/system/libsystem_blocks.dylib
0x000000000b187000 	/usr/lib/system/libsystem_c.dylib
0x000000000b187000 	/usr/lib/system/libsystem_configuration.dylib
0x000000000b187000 	/usr/lib/system/libsystem_coreservices.dylib
0x000000000b187000 	/usr/lib/system/libsystem_coretls.dylib
0x000000000b187000 	/usr/lib/system/libsystem_dnssd.dylib
0x000000000b187000 	/usr/lib/system/libsystem_info.dylib
0x000000000b187000 	/usr/lib/system/libsystem_kernel.dylib
0x000000000b187000 	/usr/lib/system/libsystem_m.dylib
0x000000000b187000 	/usr/lib/system/libsystem_malloc.dylib
0x000000000b187000 	/usr/lib/system/libsystem_network.dylib
0x000000000b187000 	/usr/lib/system/libsystem_networkextension.dylib
0x000000000b187000 	/usr/lib/system/libsystem_notify.dylib
0x000000000b187000 	/usr/lib/system/libsystem_platform.dylib
0x000000000b187000 	/usr/lib/system/libsystem_pthread.dylib
0x000000000b187000 	/usr/lib/system/libsystem_sandbox.dylib
0x000000000b187000 	/usr/lib/system/libsystem_secinit.dylib
0x000000000b187000 	/usr/lib/system/libsystem_trace.dylib
0x000000000b187000 	/usr/lib/system/libunc.dylib
0x000000000b187000 	/usr/lib/system/libunwind.dylib
0x000000000b187000 	/usr/lib/system/libxpc.dylib
0x000000000b187000 	/usr/lib/libenergytrace.dylib
0x000000000b187000 	/usr/lib/libbsm.0.dylib
0x000000000b187000 	/usr/lib/system/libkxld.dylib
0x000000000b187000 	/usr/lib/libxar.1.dylib
0x000000000b187000 	/usr/lib/libsqlite3.dylib
0x000000000b187000 	/usr/lib/libpam.2.dylib
0x000000000b187000 	/usr/lib/libOpenScriptingUtil.dylib
0x000000000b187000 	/usr/lib/libbz2.1.0.dylib
0x000000000b187000 	/usr/lib/liblzma.5.dylib
0x000000000b187000 	/System/Library/Frameworks/CoreServices.framework/Versions/A/Frameworks/FSEvents.framework/Versions/A/FSEvents
0x000000000b187000 	/System/Library/Frameworks/CoreServices.framework/Versions/A/Frameworks/CarbonCore.framework/Versions/A/CarbonCore
0x000000000b187000 	/System/Library/Frameworks/CoreServices.framework/Versions/A/Frameworks/Metadata.framework/Versions/A/Metadata
0x000000000b187000 	/System/Library/Frameworks/CoreServices.framework/Versions/A/Frameworks/OSServices.framework/Versions/A/OSServices
0x000000000b187000 	/System/Library/Frameworks/CoreServices.framework/Versions/A/Frameworks/SearchKit.framework/Versions/A/SearchKit
0x000000000b187000 	/System/Library/Frameworks/CoreServices.framework/Versions/A/Frameworks/AE.framework/Versions/A/AE
0x000000000b187000 	/System/Library/Frameworks/CoreServices.framework/Versions/A/Frameworks/LaunchServices.framework/Versions/A/LaunchServices
0x000000000b187000 	/System/Library/Frameworks/CoreServices.framework/Versions/A/Frameworks/DictionaryServices.framework/Versions/A/DictionaryServices
0x000000000b187000 	/System/Library/Frameworks/CoreServices.framework/Versions/A/Frameworks/SharedFileList.framework/Versions/A/SharedFileList
0x000000000b187000 	/System/Library/Frameworks/NetFS.framework/Versions/A/NetFS
0x000000000b187000 	/System/Library/PrivateFrameworks/NetAuth.framework/Versions/A/NetAuth
0x000000000b187000 	/System/Library/PrivateFrameworks/login.framework/Versions/A/Frameworks/loginsupport.framework/Versions/A/loginsupport
0x000000000b187000 	/System/Library/PrivateFrameworks/TCC.framework/Versions/A/TCC
0x000000000b187000 	/usr/lib/libmecabra.dylib
0x000000000b187000 	/System/Library/Frameworks/ApplicationServices.framework/Versions/A/Frameworks/ATS.framework/Versions/A/ATS
0x000000000b187000 	/System/Library/Frameworks/ApplicationServices.framework/Versions/A/Frameworks/ColorSync.framework/Versions/A/ColorSync
0x000000000b187000 	/System/Library/Frameworks/ApplicationServices.framework/Versions/A/Frameworks/HIServices.framework/Versions/A/HIServices
0x000000000b187000 	/System/Library/Frameworks/ApplicationServices.framework/Versions/A/Frameworks/LangAnalysis.framework/Versions/A/LangAnalysis
0x000000000b187000 	/System/Library/Frameworks/ApplicationServices.framework/Versions/A/Frameworks/PrintCore.framework/Versions/A/PrintCore
0x000000000b187000 	/System/Library/Frameworks/ApplicationServices.framework/Versions/A/Frameworks/QD.framework/Versions/A/QD
0x000000000b187000 	/System/Library/Frameworks/ApplicationServices.framework/Versions/A/Frameworks/SpeechSynthesis.framework/Versions/A/SpeechSynthesis
0x000000000b187000 	/System/Library/Frameworks/Metal.framework/Versions/A/Metal
0x000000000b187000 	/System/Library/Frameworks/Accelerate.framework/Versions/A/Frameworks/vImage.framework/Versions/A/vImage
0x000000000b187000 	/System/Library/Frameworks/Accelerate.framework/Versions/A/Frameworks/vecLib.framework/Versions/A/vecLib
0x000000000b187000 	/System/Library/Frameworks/Accelerate.framework/Versions/A/Frameworks/vecLib.framework/Versions/A/libvDSP.dylib
0x000000000b187000 	/System/Library/Frameworks/Accelerate.framework/Versions/A/Frameworks/vecLib.framework/Versions/A/libvMisc.dylib
0x000000000b187000 	/System/Library/Frameworks/Accelerate.framework/Versions/A/Frameworks/vecLib.framework/Versions/A/libLAPACK.dylib
0x000000000b187000 	/System/Library/Frameworks/Accelerate.framework/Versions/A/Frameworks/vecLib.framework/Versions/A/libBLAS.dylib
0x000000000b187000 	/System/Library/Frameworks/Accelerate.framework/Versions/A/Frameworks/vecLib.framework/Versions/A/libLinearAlgebra.dylib
0x000000000b187000 	/System/Library/Frameworks/Accelerate.framework/Versions/A/Frameworks/vecLib.framework/Versions/A/libSparseBLAS.dylib
0x000000000b187000 	/System/Library/PrivateFrameworks/GPUCompiler.framework/libmetal_timestamp.dylib
0x000000000b187000 	/System/Library/Frameworks/OpenGL.framework/Versions/A/Libraries/libCoreFSCache.dylib
0x000000000b187000 	/System/Library/PrivateFrameworks/IOAccelerator.framework/Versions/A/IOAccelerator
0x000000000b187000 	/System/Library/Frameworks/ApplicationServices.framework/Versions/A/Frameworks/ATS.framework/Versions/A/Resources/libFontParser.dylib
0x000000000b187000 	/System/Library/Frameworks/ApplicationServices.framework/Versions/A/Frameworks/ATS.framework/Versions/A/Resources/libFontRegistry.dylib
0x000000000b187000 	/System/Library/PrivateFrameworks/AppleVPA.framework/Versions/A/AppleVPA
0x000000000b187000 	/System/Library/PrivateFrameworks/AppleJPEG.framework/Versions/A/AppleJPEG
0x000000000b187000 	/System/Library/Frameworks/ImageIO.framework/Versions/A/Resources/libJPEG.dylib
0x000000000b187000 	/System/Library/Frameworks/ImageIO.framework/Versions/A/Resources/libTIFF.dylib
0x000000000b187000 	/System/Library/Frameworks/ImageIO.framework/Versions/A/Resources/libPng.dylib
0x000000000b187000 	/System/Library/Frameworks/ImageIO.framework/Versions/A/Resources/libGIF.dylib
0x000000000b187000 	/System/Library/Frameworks/ImageIO.framework/Versions/A/Resources/libJP2.dylib
0x000000000b187000 	/System/Library/Frameworks/ImageIO.framework/Versions/A/Resources/libRadiance.dylib
0x000000000b187000 	/System/Library/Frameworks/CoreVideo.framework/Versions/A/CoreVideo
0x000000000b187000 	/System/Library/Frameworks/OpenGL.framework/Versions/A/Libraries/libGLU.dylib
0x000000000b187000 	/System/Library/Frameworks/OpenGL.framework/Versions/A/Libraries/libGFXShared.dylib
0x000000000b187000 	/System/Library/Frameworks/OpenGL.framework/Versions/A/Libraries/libGL.dylib
0x000000000b187000 	/System/Library/Frameworks/OpenGL.framework/Versions/A/Libraries/libGLImage.dylib
0x000000000b187000 	/System/Library/Frameworks/OpenGL.framework/Versions/A/Libraries/libCVMSPluginSupport.dylib
0x000000000b187000 	/System/Library/Frameworks/OpenGL.framework/Versions/A/Libraries/libCoreVMClient.dylib
0x000000000b187000 	/usr/lib/libcups.2.dylib
0x000000000b187000 	/System/Library/Frameworks/Kerberos.framework/Versions/A/Kerberos
0x000000000b187000 	/System/Library/Frameworks/GSS.framework/Versions/A/GSS
0x000000000b187000 	/usr/lib/libresolv.9.dylib
0x000000000b187000 	/usr/lib/libiconv.2.dylib
0x000000000b187000 	/System/Library/PrivateFrameworks/Heimdal.framework/Versions/A/Heimdal
0x000000000b187000 	/usr/lib/libheimdal-asn1.dylib
0x000000000b187000 	/System/Library/Frameworks/OpenDirectory.framework/Versions/A/OpenDirectory
0x000000000b187000 	/System/Library/PrivateFrameworks/CommonAuth.framework/Versions/A/CommonAuth
0x000000000b187000 	/System/Library/Frameworks/OpenDirectory.framework/Versions/A/Frameworks/CFOpenDirectory.framework/Versions/A/CFOpenDirectory
0x000000000b187000 	/System/Library/Frameworks/SecurityFoundation.framework/Versions/A/SecurityFoundation
0x000000000b187000 	/System/Library/PrivateFrameworks/LanguageModeling.framework/Versions/A/LanguageModeling
0x000000000b187000 	/usr/lib/libmarisa.dylib
0x000000000b187000 	/usr/lib/libChineseTokenizer.dylib
0x000000000b187000 	/usr/lib/libcmph.dylib
0x000000000b187000 	/usr/lib/libcompression.dylib
0x000000000b187000 	/System/Library/Frameworks/ServiceManagement.framework/Versions/A/ServiceManagement
0x000000000b187000 	/usr/lib/libxslt.1.dylib
0x000000000b187000 	/System/Library/Frameworks/Carbon.framework/Versions/A/Frameworks/Ink.framework/Versions/A/Ink
0x000000000b187000 	/usr/lib/libFosl_dynamic.dylib
0x000000000b187000 	/System/Library/PrivateFrameworks/FaceCore.framework/Versions/A/FaceCore
0x000000000b187000 	/System/Library/Frameworks/OpenCL.framework/Versions/A/OpenCL
0x000000000b187000 	/System/Library/PrivateFrameworks/CrashReporterSupport.framework/Versions/A/CrashReporterSupport
0x000000000b187000 	/System/Library/PrivateFrameworks/IconServices.framework/Versions/A/IconServices
0x000000000b187000 	/System/Library/PrivateFrameworks/Apple80211.framework/Versions/A/Apple80211
0x000000000b187000 	/System/Library/Frameworks/CoreWLAN.framework/Versions/A/CoreWLAN
0x000000000b187000 	/System/Library/Frameworks/IOBluetooth.framework/Versions/A/IOBluetooth
0x000000000b187000 	/System/Library/PrivateFrameworks/CoreWiFi.framework/Versions/A/CoreWiFi
0x000000000b187000 	/System/Library/Frameworks/CoreBluetooth.framework/Versions/A/CoreBluetooth
0x000000000b187000 	/System/Library/PrivateFrameworks/ChunkingLibrary.framework/Versions/A/ChunkingLibrary
0x000000000b187000 	/System/Library/PrivateFrameworks/DebugSymbols.framework/Versions/A/DebugSymbols
0x000000000b187000 	/System/Library/PrivateFrameworks/CoreSymbolication.framework/Versions/A/CoreSymbolication
0x000000000b187000 	/System/Library/PrivateFrameworks/Symbolication.framework/Versions/A/Symbolication
0x000000000b187000 	/System/Library/PrivateFrameworks/SpeechRecognitionCore.framework/Versions/A/SpeechRecognitionCore
0x0000000104c00000 	/Library/Java/JavaVirtualMachines/jdk1.8.0_45.jdk/Contents/Home/jre/lib/server/libjvm.dylib
0x000000000b187000 	/usr/lib/libstdc++.6.dylib
0x0000000103b14000 	/Library/Java/JavaVirtualMachines/jdk1.8.0_45.jdk/Contents/Home/jre/lib/libverify.dylib
0x0000000103b22000 	/Library/Java/JavaVirtualMachines/jdk1.8.0_45.jdk/Contents/Home/jre/lib/libjava.dylib
0x0000000103b61000 	/Library/Java/JavaVirtualMachines/jdk1.8.0_45.jdk/Contents/Home/jre/lib/libzip.dylib
0x0000000120b66000 	/System/Library/Frameworks/JavaVM.framework/Frameworks/JavaRuntimeSupport.framework/JavaRuntimeSupport
0x0000000120b81000 	/System/Library/Frameworks/JavaVM.framework/Versions/A/Frameworks/JavaNativeFoundation.framework/Versions/A/JavaNativeFoundation
0x0000000120b96000 	/System/Library/Frameworks/JavaVM.framework/Versions/A/JavaVM
0x000000000b187000 	/System/Library/Frameworks/Carbon.framework/Versions/A/Carbon
0x0000000120ba3000 	/System/Library/PrivateFrameworks/JavaLaunching.framework/Versions/A/JavaLaunching
0x000000000b187000 	/System/Library/Frameworks/Carbon.framework/Versions/A/Frameworks/CommonPanels.framework/Versions/A/CommonPanels
0x000000000b187000 	/System/Library/Frameworks/Carbon.framework/Versions/A/Frameworks/Help.framework/Versions/A/Help
0x000000000b187000 	/System/Library/Frameworks/Carbon.framework/Versions/A/Frameworks/ImageCapture.framework/Versions/A/ImageCapture
0x000000000b187000 	/System/Library/Frameworks/Carbon.framework/Versions/A/Frameworks/OpenScripting.framework/Versions/A/OpenScripting
0x000000000b187000 	/System/Library/Frameworks/Carbon.framework/Versions/A/Frameworks/Print.framework/Versions/A/Print
0x000000000b187000 	/System/Library/Frameworks/Carbon.framework/Versions/A/Frameworks/SecurityHI.framework/Versions/A/SecurityHI
0x0000000122559000 	/Library/Java/JavaVirtualMachines/jdk1.8.0_45.jdk/Contents/Home/jre/lib/libprism_es2.dylib
0x000000000b187000 	/System/Library/Frameworks/OpenGL.framework/Versions/A/Resources/GLEngine.bundle/GLEngine
0x000000000b187000 	/System/Library/Frameworks/OpenGL.framework/Versions/A/Libraries/libGLProgrammability.dylib
0x00000001225db000 	/System/Library/Extensions/AppleIntelHD5000GraphicsGLDriver.bundle/Contents/MacOS/AppleIntelHD5000GraphicsGLDriver
0x000000000b187000 	/System/Library/PrivateFrameworks/GPUSupport.framework/Versions/A/Libraries/libGPUSupportMercury.dylib
0x0000000122d2e000 	/System/Library/Extensions/AMDRadeonX4000GLDriver.bundle/Contents/MacOS/AMDRadeonX4000GLDriver
0x0000000122dfa000 	/System/Library/Extensions/AMDRadeonX4000GLDriver.bundle/Contents/MacOS/ATIRadeonX4000SCLib.dylib
0x000000000b187000 	/System/Library/Frameworks/OpenGL.framework/Versions/A/Resources/GLRendererFloat.bundle/GLRendererFloat
0x000000000b187000 	/System/Library/Frameworks/OpenCL.framework/Versions/A/Libraries/libcldcpuengine.dylib
0x000000000b187000 	/System/Library/PrivateFrameworks/DiskImages.framework/Versions/A/DiskImages
0x000000000b187000 	/System/Library/Frameworks/DiscRecording.framework/Versions/A/DiscRecording
0x000000000b187000 	/usr/lib/libcsfde.dylib
0x000000000b187000 	/usr/lib/libcurl.4.dylib
0x000000000b187000 	/System/Library/PrivateFrameworks/MediaKit.framework/Versions/A/MediaKit
0x000000000b187000 	/System/Library/PrivateFrameworks/ProtectedCloudStorage.framework/Versions/A/ProtectedCloudStorage
0x000000000b187000 	/usr/lib/libCoreStorage.dylib
0x000000000b187000 	/System/Library/PrivateFrameworks/EFILogin.framework/Versions/A/EFILogin
0x000000000b187000 	/usr/lib/libutil.dylib
0x000000000b187000 	/System/Library/PrivateFrameworks/FindMyDevice.framework/Versions/A/FindMyDevice
0x000000000b187000 	/System/Library/Frameworks/LDAP.framework/Versions/A/LDAP
0x000000000b187000 	/usr/lib/libsasl2.2.dylib
0x000000000b187000 	/System/Library/PrivateFrameworks/CoreDaemon.framework/Versions/B/CoreDaemon
0x000000000b187000 	/usr/lib/libcrypto.0.9.8.dylib
0x000000000b187000 	/System/Library/PrivateFrameworks/AppleSRP.framework/Versions/A/AppleSRP
0x000000000b187000 	/System/Library/PrivateFrameworks/TrustEvaluationAgent.framework/Versions/A/TrustEvaluationAgent
0x0000000123329000 	/Library/Java/JavaVirtualMachines/jdk1.8.0_45.jdk/Contents/Home/jre/lib/libglass.dylib
0x000000000b187000 	/System/Library/PrivateFrameworks/CoreServicesInternal.framework/Versions/A/CoreServicesInternal
0x000000000b187000 	/System/Library/CoreServices/RawCamera.bundle/Contents/MacOS/RawCamera
0x000000000b187000 	/System/Library/Frameworks/CoreGraphics.framework/Versions/A/Resources/libRIP.A.dylib
0x000000000b187000 	/System/Library/Frameworks/Accelerate.framework/Versions/A/Frameworks/vImage.framework/Versions/A/Libraries/libCGInterfaces.dylib
0x000000000b187000 	/System/Library/PrivateFrameworks/FamilyControls.framework/Versions/A/FamilyControls
0x000000000b187000 	/System/Library/PrivateFrameworks/CommerceKit.framework/Versions/A/Frameworks/CommerceCore.framework/Versions/A/CommerceCore
0x000000000b187000 	/System/Library/PrivateFrameworks/SystemAdministration.framework/Versions/A/SystemAdministration
0x000000000b187000 	/System/Library/PrivateFrameworks/AppContainer.framework/Versions/A/AppContainer
0x000000000b187000 	/System/Library/PrivateFrameworks/SecCodeWrapper.framework/Versions/A/SecCodeWrapper
0x000000000b187000 	/System/Library/Frameworks/DirectoryService.framework/Versions/A/DirectoryService
0x000000000b187000 	/System/Library/PrivateFrameworks/LoginUIKit.framework/Versions/A/Frameworks/LoginUICore.framework/Versions/A/LoginUICore
0x000000000b187000 	/usr/lib/libodfde.dylib
0x0000000123fb2000 	/Library/Java/JavaVirtualMachines/jdk1.8.0_45.jdk/Contents/Home/jre/lib/libjavafx_font.dylib
0x000000000b187000 	/System/Library/Frameworks/CoreGraphics.framework/Versions/A/Resources/libCGXType.A.dylib
0x0000000128cf5000 	cl_kernels
0x000000000b187000 	/System/Library/Frameworks/OpenCL.framework/Versions/A/Libraries/ImageFormats/unorm8_bgra.dylib
0x000000000b187000 	/System/Library/Frameworks/OpenCL.framework/Versions/A/Libraries/ImageFormats/unorm8_rgba.dylib
0x0000000124095000 	/Library/Java/JavaVirtualMachines/jdk1.8.0_45.jdk/Contents/Home/jre/lib/libprism_common.dylib
0x000000012b25a000 	/System/Library/Extensions/AMDMTLBronzeDriver.bundle/Contents/MacOS/AMDMTLBronzeDriver
0x000000000b187000 	/System/Library/PrivateFrameworks/IOAccelMemoryInfo.framework/Versions/A/IOAccelMemoryInfo
0x000000012b3a1000 	/System/Library/Extensions/AppleIntelHD5000GraphicsMTLDriver.bundle/Contents/MacOS/AppleIntelHD5000GraphicsMTLDriver

VM Arguments:
jvm_args: -Dfile.encoding=UTF-8 
java_command: /Users/YinQuan/NetBeansProjects/giftwrapping/dist/run927545208/giftwrapping.jar
java_class_path (initial): /Users/YinQuan/NetBeansProjects/giftwrapping/dist/run927545208/giftwrapping.jar
Launcher Type: SUN_STANDARD

Environment Variables:
PATH=/usr/bin:/bin:/usr/sbin:/sbin
LD_LIBRARY_PATH=/Library/Java/JavaVirtualMachines/jdk1.8.0_45.jdk/Contents/Home/jre/lib/amd64:/Library/Java/JavaVirtualMachines/jdk1.8.0_45.jdk/Contents/Home/jre/lib/i386:
SHELL=/bin/bash

Signal Handlers:
SIGSEGV: [libjvm.dylib+0x58ef95], sa_mask[0]=11111111011111110111111111111111, sa_flags=SA_ONSTACK|SA_RESTART|SA_SIGINFO
SIGBUS: [libjvm.dylib+0x58ef95], sa_mask[0]=11111111011111110111111111111111, sa_flags=SA_RESTART|SA_SIGINFO
SIGFPE: [libjvm.dylib+0x46c108], sa_mask[0]=11111111011111110111111111111111, sa_flags=SA_RESTART|SA_SIGINFO
SIGPIPE: [libjvm.dylib+0x46c108], sa_mask[0]=11111111011111110111111111111111, sa_flags=SA_RESTART|SA_SIGINFO
SIGXFSZ: [libjvm.dylib+0x46c108], sa_mask[0]=11111111011111110111111111111111, sa_flags=SA_RESTART|SA_SIGINFO
SIGILL: [libjvm.dylib+0x46c108], sa_mask[0]=11111111011111110111111111111111, sa_flags=SA_RESTART|SA_SIGINFO
SIGUSR1: SIG_DFL, sa_mask[0]=00000000000000000000000000000000, sa_flags=none
SIGUSR2: [libjvm.dylib+0x46bc26], sa_mask[0]=00100000000000000000000000000000, sa_flags=SA_RESTART|SA_SIGINFO
SIGHUP: [libjvm.dylib+0x46a1f9], sa_mask[0]=11111111011111110111111111111111, sa_flags=SA_RESTART|SA_SIGINFO
SIGINT: SIG_IGN, sa_mask[0]=00000000000000000000000000000000, sa_flags=none
SIGTERM: [libjvm.dylib+0x46a1f9], sa_mask[0]=11111111011111110111111111111111, sa_flags=SA_RESTART|SA_SIGINFO
SIGQUIT: [libjvm.dylib+0x46a1f9], sa_mask[0]=11111111011111110111111111111111, sa_flags=SA_RESTART|SA_SIGINFO


---------------  S Y S T E M  ---------------

OS:Bsduname:Darwin 15.4.0 Darwin Kernel Version 15.4.0: Fri Feb 26 22:08:05 PST 2016; root:xnu-3248.40.184~3/RELEASE_X86_64 x86_64
rlimit: STACK 8192k, CORE 0k, NPROC 709, NOFILE 10240, AS infinity
load average:1.94 1.81 1.50

CPU:total 8 (4 cores per cpu, 2 threads per core) family 6 model 70 stepping 1, cmov, cx8, fxsr, mmx, sse, sse2, sse3, ssse3, sse4.1, sse4.2, popcnt, avx, avx2, aes, clmul, erms, lzcnt, ht, tsc, tscinvbit, bmi1, bmi2

Memory: 4k page, physical 16777216k(937752k free)

/proc/meminfo:


vm_info: Java HotSpot(TM) 64-Bit Server VM (25.45-b02) for bsd-amd64 JRE (1.8.0_45-b14), built on Apr 10 2015 10:46:38 by "java_re" with gcc 4.2.1 (Based on Apple Inc. build 5658) (LLVM build 2336.11.00)

time: Wed Apr  5 01:45:27 2017
elapsed time: 51 seconds (0d 0h 0m 51s)

