#
# A fatal error has been detected by the Java Runtime Environment:
#
#  SIGSEGV (0xb) at pc=0x0000000128b0458d, pid=1283, tid=2571
#
# JRE version: Java(TM) SE Runtime Environment (8.0_45-b14) (build 1.8.0_45-b14)
# Java VM: Java HotSpot(TM) 64-Bit Server VM (25.45-b02 mixed mode bsd-amd64 compressed oops)
# Problematic frame:
# C  [libglass.dylib+0x1558d]  GlassScreenDidChangeScreenParameters+0x9d
#
# Failed to write core dump. Core dumps have been disabled. To enable core dumping, try "ulimit -c unlimited" before starting Java again
#
# If you would like to submit a bug report, please visit:
#   http://bugreport.java.com/bugreport/crash.jsp
#

---------------  T H R E A D  ---------------

Current thread is native thread

siginfo: si_signo: 11 (SIGSEGV), si_code: 1 (SEGV_MAPERR), si_addr: 0x0000000000000000

Registers:
RAX=0x0000000128b36bc0, RBX=0x0000000000000000, RCX=0x0000000000000103, RDX=0x00007fd3d9f04830
RSP=0x00007fff56bd49d0, RBP=0x00007fff56bd49e0, RSI=0x00007fd3d9e09ae0, RDI=0x0000000000000000
R8 =0x0000000000000040, R9 =0x00007fff74df71e0, R10=0xffffffffffffffff, R11=0x0000000000000246
R12=0x00007fd3dc312850, R13=0x00007fd3d9d538f0, R14=0x00007fd3d9d4e730, R15=0x0000000000000000
RIP=0x0000000128b0458d, EFLAGS=0x0000000000010206, ERR=0x0000000000000004
  TRAPNO=0x000000000000000e

Top of Stack: (sp=0x00007fff56bd49d0)
0x00007fff56bd49d0:   00007fff56bd4a28 00007fd3d9d4e730
0x00007fff56bd49e0:   00007fff56bd49f0 00007fff89ec2bbc
0x00007fff56bd49f0:   00007fff56bd4a10 00007fff89ec2b4f
0x00007fff56bd4a00:   0000000000000000 0000000000000000
0x00007fff56bd4a10:   00007fff56bd4a80 00007fff89ec2ac7
0x00007fff56bd4a20:   00007fff8a2836c0 00007fff754810a0
0x00007fff56bd4a30:   0000000042000000 00007fff89ec2b10
0x00007fff56bd4a40:   00007fff72ceb720 00007fd3d9d538f0
0x00007fff56bd4a50:   00007fd3dc312850 00007fff56bd5228
0x00007fff56bd4a60:   00007fff72e18780 00007fff56bd5228
0x00007fff56bd4a70:   00007fd3d9d538f0 00007fff8a2829e2
0x00007fff56bd4a80:   00007fff56bd4ac0 00007fff89ec2832
0x00007fff56bd4a90:   00007fff56bd50a0 0000000000000000
0x00007fff56bd4aa0:   00007fff72e18780 00007fff56bd5228
0x00007fff56bd4ab0:   00007fff8c6cb4c0 00007fff8a2829e2
0x00007fff56bd4ac0:   00007fff56bd51d0 00007fff89e7f5e2
0x00007fff56bd4ad0:   00007fd3d9d97100 0000000000000002
0x00007fff56bd4ae0:   0000000000000000 00007fd3d9d1b5a0
0x00007fff56bd4af0:   00007fd3da803048 00007fd3d9c3eb50
0x00007fff56bd4b00:   0000000000000000 00007fd3d9d49fc0
0x00007fff56bd4b10:   0000000000000000 0000000000000000
0x00007fff56bd4b20:   00007fff72d28bc0 00007fff56bd50a0
0x00007fff56bd4b30:   0000000000000001 0000000000000100
0x00007fff56bd4b40:   0000000000001f00 00007fff56bd4fa0
0x00007fff56bd4b50:   0000000000000000 0000000000000100
0x00007fff56bd4b60:   409d340000000000 00007fff72e18780
0x00007fff56bd4b70:   0000000000000000 00007fff72cec500
0x00007fff56bd4b80:   00007fff72e18780 0000000000000000
0x00007fff56bd4b90:   00007fff72cec500 00007fd3dc30d550
0x00007fff56bd4ba0:   00007fd3d9d97100 0000000000000002
0x00007fff56bd4bb0:   0000000000000000 00007fff8c6cb4c0
0x00007fff56bd4bc0:   00007fff56bd4d80 00007fff8baa9584 

Instructions: (pc=0x0000000128b0458d)
0x0000000128b0456d:   89 df 4c 89 f1 41 ff 90 68 04 00 00 48 8d 05 48
0x0000000128b0457d:   25 03 00 48 8b 30 48 8d 05 36 26 03 00 48 8b 10
0x0000000128b0458d:   48 8b 0b 30 c0 48 89 df ff 91 68 04 00 00 48 8b
0x0000000128b0459d:   03 48 89 df ff 50 78 48 85 c0 74 36 49 89 c6 48 

Register to memory mapping:

RAX=0x0000000128b36bc0: jScreenNotifySettingsChanged+0 in /Library/Java/JavaVirtualMachines/jdk1.8.0_45.jdk/Contents/Home/jre/lib/libglass.dylib at 0x0000000128aef000
RBX=0x0000000000000000 is an unknown value
RCX=0x0000000000000103 is an unknown value
RDX=0x00007fd3d9f04830 is an unknown value
RSP=0x00007fff56bd49d0 is an unknown value
RBP=0x00007fff56bd49e0 is an unknown value
RSI=0x00007fd3d9e09ae0 is a global jni handle
RDI=0x0000000000000000 is an unknown value
R8 =0x0000000000000040 is an unknown value
R9 =0x00007fff74df71e0: __sFX+0x1c0 in /usr/lib/system/libsystem_c.dylib at 0x00007fff93a01000
R10=0xffffffffffffffff is an unknown value
R11=0x0000000000000246 is an unknown value
R12=0x00007fd3dc312850 is an unknown value
R13=0x00007fd3d9d538f0 is an unknown value
R14=0x00007fd3d9d4e730 is an unknown value
R15=0x0000000000000000 is an unknown value


Stack: [0x00007fff563d8000,0x00007fff56bd8000],  sp=0x00007fff56bd49d0,  free space=8178k
Native frames: (J=compiled Java code, j=interpreted, Vv=VM code, C=native code)
C  [libglass.dylib+0x1558d]  GlassScreenDidChangeScreenParameters+0x9d
C  [CoreFoundation+0xa0bbc]  __CFNOTIFICATIONCENTER_IS_CALLING_OUT_TO_AN_OBSERVER__+0xc
C  [CoreFoundation+0xa0b4f]  ___CFXRegistrationPost_block_invoke+0x3f
C  [CoreFoundation+0xa0ac7]  _CFXRegistrationPost+0x197
C  [CoreFoundation+0xa0832]  ___CFXNotificationPost_block_invoke+0x32
C  [CoreFoundation+0x5d5e2]  -[_CFXNotificationRegistrar find:object:observer:enumerator:]+0x782
C  [CoreFoundation+0x5c835]  _CFXNotificationPost+0x2b5
C  [Foundation+0x6fda]  -[NSNotificationCenter postNotificationName:object:userInfo:]+0x42
C  [AppKit+0x41c157]  -[NSApplication _reactToScreenInvalidationImmediately:]+0x17f
C  [AppKit+0x41bfa8]  __44-[NSApplication _reactToScreenInvalidation:]_block_invoke+0x3b
C  [CoreFoundation+0xaa4ac]  __CFRUNLOOP_IS_CALLING_OUT_TO_A_BLOCK__+0xc
C  [CoreFoundation+0x89d05]  __CFRunLoopDoBlocks+0x155
C  [CoreFoundation+0x89a6b]  __CFRunLoopRun+0x92b
C  [CoreFoundation+0x88ed8]  CFRunLoopRunSpecific+0x128
C  [java+0x6490]  CreateExecutionEnvironment+0x367
C  [java+0x221c]  JLI_Launch+0x7a0
C  [java+0x84ed]  main+0x65
C  [java+0x1a74]  start+0x34


---------------  P R O C E S S  ---------------

VM state:not at safepoint (normal execution)

VM Mutex/Monitor currently owned by a thread: None

Heap:
 PSYoungGen      total 73216K, used 24556K [0x000000076ab00000, 0x0000000770000000, 0x00000007c0000000)
  eden space 62464K, 25% used [0x000000076ab00000,0x000000076ba4e798,0x000000076e800000)
  from space 10752K, 82% used [0x000000076f580000,0x000000076fe2cab0,0x0000000770000000)
  to   space 12288K, 0% used [0x000000076e800000,0x000000076e800000,0x000000076f400000)
 ParOldGen       total 175104K, used 336K [0x00000006c0000000, 0x00000006cab00000, 0x000000076ab00000)
  object space 175104K, 0% used [0x00000006c0000000,0x00000006c0054000,0x00000006cab00000)
 Metaspace       used 18453K, capacity 19512K, committed 19584K, reserved 1067008K
  class space    used 2458K, capacity 2675K, committed 2688K, reserved 1048576K

Card table byte_map: [0x000000011a729000,0x000000011af2a000] byte_map_base: 0x0000000117129000

Marking Bits: (ParMarkBitMap*) 0x000000010acc27a0
 Begin Bits: [0x000000011b480000, 0x000000011f480000)
 End Bits:   [0x000000011f480000, 0x0000000123480000)

Polling page: 0x000000010931d000

CodeCache: size=245760Kb used=16156Kb max_used=17948Kb free=229603Kb
 bounds [0x000000010b369000, 0x000000010c519000, 0x000000011a369000]
 total_blobs=4954 nmethods=4297 adapters=568
 compilation: enabled

Compilation events (10 events):
Event: 67.059 Thread 0x00007fd3dc834000 5247       3       java.lang.invoke.LambdaForm$DMH/617901222::invokeStatic_L6_L (24 bytes)
Event: 67.059 Thread 0x00007fd3dc834000 nmethod 5247 0x000000010bb0e990 code [0x000000010bb0eb20, 0x000000010bb0f0d8]
Event: 67.059 Thread 0x00007fd3dc834000 5250       3       java.lang.invoke.MemberName::<init> (47 bytes)
Event: 67.060 Thread 0x00007fd3dc834000 nmethod 5250 0x000000010b78e9d0 code [0x000000010b78eb80, 0x000000010b78ef58]
Event: 67.060 Thread 0x00007fd3dc834000 5248       3       java.lang.invoke.MethodHandles$Lookup::getDirectMethodForConstant (70 bytes)
Event: 67.060 Thread 0x00007fd3dc834000 nmethod 5248 0x000000010c255bd0 code [0x000000010c255e60, 0x000000010c256d48]
Event: 68.003 Thread 0x00007fd3db014800 5251   !   4       java.io.PrintStream::write (83 bytes)
Event: 68.012 Thread 0x00007fd3db014800 nmethod 5251 0x000000010b48c5d0 code [0x000000010b48c780, 0x000000010b48d258]
Event: 68.071 Thread 0x00007fd3dc832000 5252   !   4       java.io.PrintStream::newLine (73 bytes)
Event: 68.079 Thread 0x00007fd3dc832000 nmethod 5252 0x000000010bb60a50 code [0x000000010bb60c20, 0x000000010bb619c8]

GC Heap History (10 events):
Event: 25.495 GC heap before
{Heap before GC invocations=2 (full 0):
 PSYoungGen      total 76288K, used 76096K [0x000000076ab00000, 0x0000000770000000, 0x00000007c0000000)
  eden space 65536K, 100% used [0x000000076ab00000,0x000000076eb00000,0x000000076eb00000)
  from space 10752K, 98% used [0x000000076eb00000,0x000000076f550060,0x000000076f580000)
  to   space 10752K, 0% used [0x000000076f580000,0x000000076f580000,0x0000000770000000)
 ParOldGen       total 175104K, used 16K [0x00000006c0000000, 0x00000006cab00000, 0x000000076ab00000)
  object space 175104K, 0% used [0x00000006c0000000,0x00000006c0004000,0x00000006cab00000)
 Metaspace       used 18247K, capacity 19238K, committed 19328K, reserved 1067008K
  class space    used 2440K, capacity 2654K, committed 2688K, reserved 1048576K
Event: 25.506 GC heap after
Heap after GC invocations=2 (full 0):
 PSYoungGen      total 76288K, used 8450K [0x000000076ab00000, 0x0000000770000000, 0x00000007c0000000)
  eden space 65536K, 0% used [0x000000076ab00000,0x000000076ab00000,0x000000076eb00000)
  from space 10752K, 78% used [0x000000076f580000,0x000000076fdc0ac0,0x0000000770000000)
  to   space 10752K, 0% used [0x000000076eb00000,0x000000076eb00000,0x000000076f580000)
 ParOldGen       total 175104K, used 32K [0x00000006c0000000, 0x00000006cab00000, 0x000000076ab00000)
  object space 175104K, 0% used [0x00000006c0000000,0x00000006c0008000,0x00000006cab00000)
 Metaspace       used 18247K, capacity 19238K, committed 19328K, reserved 1067008K
  class space    used 2440K, capacity 2654K, committed 2688K, reserved 1048576K
}
Event: 35.628 GC heap before
{Heap before GC invocations=3 (full 0):
 PSYoungGen      total 76288K, used 73986K [0x000000076ab00000, 0x0000000770000000, 0x00000007c0000000)
  eden space 65536K, 100% used [0x000000076ab00000,0x000000076eb00000,0x000000076eb00000)
  from space 10752K, 78% used [0x000000076f580000,0x000000076fdc0ac0,0x0000000770000000)
  to   space 10752K, 0% used [0x000000076eb00000,0x000000076eb00000,0x000000076f580000)
 ParOldGen       total 175104K, used 32K [0x00000006c0000000, 0x00000006cab00000, 0x000000076ab00000)
  object space 175104K, 0% used [0x00000006c0000000,0x00000006c0008000,0x00000006cab00000)
 Metaspace       used 18303K, capacity 19302K, committed 19584K, reserved 1067008K
  class space    used 2441K, capacity 2654K, committed 2688K, reserved 1048576K
Event: 35.639 GC heap after
Heap after GC invocations=3 (full 0):
 PSYoungGen      total 76288K, used 10594K [0x000000076ab00000, 0x0000000770000000, 0x00000007c0000000)
  eden space 65536K, 0% used [0x000000076ab00000,0x000000076ab00000,0x000000076eb00000)
  from space 10752K, 98% used [0x000000076eb00000,0x000000076f558ad0,0x000000076f580000)
  to   space 10752K, 0% used [0x000000076f580000,0x000000076f580000,0x0000000770000000)
 ParOldGen       total 175104K, used 40K [0x00000006c0000000, 0x00000006cab00000, 0x000000076ab00000)
  object space 175104K, 0% used [0x00000006c0000000,0x00000006c000a000,0x00000006cab00000)
 Metaspace       used 18303K, capacity 19302K, committed 19584K, reserved 1067008K
  class space    used 2441K, capacity 2654K, committed 2688K, reserved 1048576K
}
Event: 45.755 GC heap before
{Heap before GC invocations=4 (full 0):
 PSYoungGen      total 76288K, used 76130K [0x000000076ab00000, 0x0000000770000000, 0x00000007c0000000)
  eden space 65536K, 100% used [0x000000076ab00000,0x000000076eb00000,0x000000076eb00000)
  from space 10752K, 98% used [0x000000076eb00000,0x000000076f558ad0,0x000000076f580000)
  to   space 10752K, 0% used [0x000000076f580000,0x000000076f580000,0x0000000770000000)
 ParOldGen       total 175104K, used 40K [0x00000006c0000000, 0x00000006cab00000, 0x000000076ab00000)
  object space 175104K, 0% used [0x00000006c0000000,0x00000006c000a000,0x00000006cab00000)
 Metaspace       used 18322K, capacity 19302K, committed 19584K, reserved 1067008K
  class space    used 2441K, capacity 2654K, committed 2688K, reserved 1048576K
Event: 45.765 GC heap after
Heap after GC invocations=4 (full 0):
 PSYoungGen      total 76288K, used 10672K [0x000000076ab00000, 0x0000000770000000, 0x00000007c0000000)
  eden space 65536K, 0% used [0x000000076ab00000,0x000000076ab00000,0x000000076eb00000)
  from space 10752K, 99% used [0x000000076f580000,0x000000076ffec070,0x0000000770000000)
  to   space 10752K, 0% used [0x000000076eb00000,0x000000076eb00000,0x000000076f580000)
 ParOldGen       total 175104K, used 48K [0x00000006c0000000, 0x00000006cab00000, 0x000000076ab00000)
  object space 175104K, 0% used [0x00000006c0000000,0x00000006c000c000,0x00000006cab00000)
 Metaspace       used 18322K, capacity 19302K, committed 19584K, reserved 1067008K
  class space    used 2441K, capacity 2654K, committed 2688K, reserved 1048576K
}
Event: 55.211 GC heap before
{Heap before GC invocations=5 (full 0):
 PSYoungGen      total 76288K, used 76208K [0x000000076ab00000, 0x0000000770000000, 0x00000007c0000000)
  eden space 65536K, 100% used [0x000000076ab00000,0x000000076eb00000,0x000000076eb00000)
  from space 10752K, 99% used [0x000000076f580000,0x000000076ffec070,0x0000000770000000)
  to   space 10752K, 0% used [0x000000076eb00000,0x000000076eb00000,0x000000076f580000)
 ParOldGen       total 175104K, used 48K [0x00000006c0000000, 0x00000006cab00000, 0x000000076ab00000)
  object space 175104K, 0% used [0x00000006c0000000,0x00000006c000c000,0x00000006cab00000)
 Metaspace       used 18420K, capacity 19394K, committed 19584K, reserved 1067008K
  class space    used 2451K, capacity 2664K, committed 2688K, reserved 1048576K
Event: 55.222 GC heap after
Heap after GC invocations=5 (full 0):
 PSYoungGen      total 74752K, used 10720K [0x000000076ab00000, 0x0000000770180000, 0x00000007c0000000)
  eden space 64000K, 0% used [0x000000076ab00000,0x000000076ab00000,0x000000076e980000)
  from space 10752K, 99% used [0x000000076eb00000,0x000000076f578060,0x000000076f580000)
  to   space 12288K, 0% used [0x000000076f580000,0x000000076f580000,0x0000000770180000)
 ParOldGen       total 175104K, used 328K [0x00000006c0000000, 0x00000006cab00000, 0x000000076ab00000)
  object space 175104K, 0% used [0x00000006c0000000,0x00000006c0052000,0x00000006cab00000)
 Metaspace       used 18420K, capacity 19394K, committed 19584K, reserved 1067008K
  class space    used 2451K, capacity 2664K, committed 2688K, reserved 1048576K
}
Event: 65.395 GC heap before
{Heap before GC invocations=6 (full 0):
 PSYoungGen      total 74752K, used 74720K [0x000000076ab00000, 0x0000000770180000, 0x00000007c0000000)
  eden space 64000K, 100% used [0x000000076ab00000,0x000000076e980000,0x000000076e980000)
  from space 10752K, 99% used [0x000000076eb00000,0x000000076f578060,0x000000076f580000)
  to   space 12288K, 0% used [0x000000076f580000,0x000000076f580000,0x0000000770180000)
 ParOldGen       total 175104K, used 328K [0x00000006c0000000, 0x00000006cab00000, 0x000000076ab00000)
  object space 175104K, 0% used [0x00000006c0000000,0x00000006c0052000,0x00000006cab00000)
 Metaspace       used 18421K, capacity 19394K, committed 19584K, reserved 1067008K
  class space    used 2451K, capacity 2664K, committed 2688K, reserved 1048576K
Event: 65.407 GC heap after
Heap after GC invocations=6 (full 0):
 PSYoungGen      total 73216K, used 8882K [0x000000076ab00000, 0x0000000770000000, 0x00000007c0000000)
  eden space 62464K, 0% used [0x000000076ab00000,0x000000076ab00000,0x000000076e800000)
  from space 10752K, 82% used [0x000000076f580000,0x000000076fe2cab0,0x0000000770000000)
  to   space 12288K, 0% used [0x000000076e800000,0x000000076e800000,0x000000076f400000)
 ParOldGen       total 175104K, used 336K [0x00000006c0000000, 0x00000006cab00000, 0x000000076ab00000)
  object space 175104K, 0% used [0x00000006c0000000,0x00000006c0054000,0x00000006cab00000)
 Metaspace       used 18421K, capacity 19394K, committed 19584K, reserved 1067008K
  class space    used 2451K, capacity 2664K, committed 2688K, reserved 1048576K
}

Deoptimization events (10 events):
Event: 59.196 Thread 0x00007fd3dc947800 Uncommon trap: reason=unstable_if action=reinterpret pc=0x000000010c092fe4 method=com.sun.prism.impl.ps.BaseShaderGraphics.renderGeneralRoundedPgram(FFFFFFFFFFLcom/sun/javafx/geom/transform/BaseTransform;Lcom/sun/prism/impl/ps/BaseShaderContext$MaskType;F
Event: 67.047 Thread 0x00007fd3dc903000 Uncommon trap: reason=bimorphic action=maybe_recompile pc=0x000000010b7c68d8 method=com.sun.javafx.event.EventHandlerManager.dispatchCapturingEvent(Ljavafx/event/Event;)Ljavafx/event/Event; @ 1
Event: 67.047 Thread 0x00007fd3dc903000 Uncommon trap: reason=bimorphic action=maybe_recompile pc=0x000000010b7c68d8 method=com.sun.javafx.event.EventHandlerManager.dispatchCapturingEvent(Ljavafx/event/Event;)Ljavafx/event/Event; @ 1
Event: 67.047 Thread 0x00007fd3dc903000 Uncommon trap: reason=unstable_if action=reinterpret pc=0x000000010c436430 method=java.util.concurrent.locks.ReentrantLock$NonfairSync.lock()V @ 6
Event: 67.047 Thread 0x00007fd3dc903000 Uncommon trap: reason=unstable_if action=reinterpret pc=0x000000010bb86a38 method=java.util.concurrent.locks.ReentrantLock$Sync.nonfairTryAcquire(I)Z @ 10
Event: 67.048 Thread 0x00007fd3dc903000 Uncommon trap: reason=unstable_if action=reinterpret pc=0x000000010bb06164 method=java.util.concurrent.locks.ReentrantLock$Sync.nonfairTryAcquire(I)Z @ 10
Event: 67.049 Thread 0x00007fd3dc903000 Uncommon trap: reason=predicate action=maybe_recompile pc=0x000000010c21e750 method=java.util.ArrayList.remove(Ljava/lang/Object;)Z @ 49
Event: 67.050 Thread 0x00007fd3dc903000 Uncommon trap: reason=bimorphic action=maybe_recompile pc=0x000000010b7c68d8 method=com.sun.javafx.event.EventHandlerManager.dispatchCapturingEvent(Ljavafx/event/Event;)Ljavafx/event/Event; @ 1
Event: 67.067 Thread 0x00007fd3dc903000 Uncommon trap: reason=unstable_if action=reinterpret pc=0x000000010c3698a4 method=java.util.concurrent.locks.ReentrantLock$Sync.tryRelease(I)Z @ 28
Event: 67.067 Thread 0x00007fd3dc947800 Uncommon trap: reason=unstable_if action=reinterpret pc=0x000000010b93e154 method=java.util.concurrent.locks.AbstractQueuedSynchronizer$ConditionObject.checkInterruptWhileWaiting(Ljava/util/concurrent/locks/AbstractQueuedSynchronizer$Node;)I @ 3

Internal exceptions (10 events):
Event: 46.529 Thread 0x00007fd3dc903000 Implicit null exception at 0x000000010b5972b7 to 0x000000010b597329
Event: 46.529 Thread 0x00007fd3dc903000 Implicit null exception at 0x000000010b591db7 to 0x000000010b591e29
Event: 46.529 Thread 0x00007fd3dc903000 Implicit null exception at 0x000000010c38ce5f to 0x000000010c39074d
Event: 46.530 Thread 0x00007fd3dc903000 Implicit null exception at 0x000000010b47c9ad to 0x000000010b47caa5
Event: 46.530 Thread 0x00007fd3dc903000 Implicit null exception at 0x000000010b8343df to 0x000000010b834455
Event: 46.530 Thread 0x00007fd3dc903000 Implicit null exception at 0x000000010b49079f to 0x000000010b4907f9
Event: 46.530 Thread 0x00007fd3dc903000 Implicit null exception at 0x000000010b4aaedf to 0x000000010b4aaf39
Event: 46.531 Thread 0x00007fd3dc903000 Implicit null exception at 0x000000010bfb3377 to 0x000000010bfb40f5
Event: 46.531 Thread 0x00007fd3dc903000 Implicit null exception at 0x000000010c41ba89 to 0x000000010c41c2b5
Event: 46.532 Thread 0x00007fd3dc903000 Implicit null exception at 0x000000010c4ef50d to 0x000000010c4f1095

Events (10 events):
Event: 67.067 Thread 0x00007fd3dc947800 DEOPT PACKING pc=0x000000010b93e154 sp=0x00007000016585a0
Event: 67.067 Thread 0x00007fd3dc947800 DEOPT UNPACKING pc=0x000000010b36e229 sp=0x0000700001658518 mode 2
Event: 67.067 loading class com/sun/javafx/tk/quantum/QuantumToolkit
Event: 67.067 loading class com/sun/javafx/tk/quantum/QuantumToolkit done
Event: 67.068 Thread 0x00007fd3dc947800 Thread exited: 0x00007fd3dc947800
Event: 67.068 Thread 0x00007fd3da980800 Thread exited: 0x00007fd3da980800
Event: 67.068 Thread 0x00007fd3dc903000 Thread exited: 0x00007fd3dc903000
Event: 67.068 Thread 0x00007fd3dc800800 Thread exited: 0x00007fd3dc800800
Event: 67.068 Thread 0x00007fd3e3308800 Thread added: 0x00007fd3e3308800
Event: 68.079 Thread 0x00007fd3dc832000 flushing nmethod 0x000000010b544f10


Dynamic libraries:
0x000000000105e000 	/System/Library/Frameworks/Cocoa.framework/Versions/A/Cocoa
0x000000000105e000 	/System/Library/Frameworks/Security.framework/Versions/A/Security
0x000000000105e000 	/System/Library/Frameworks/ApplicationServices.framework/Versions/A/ApplicationServices
0x000000000105e000 	/usr/lib/libz.1.dylib
0x000000000105e000 	/usr/lib/libSystem.B.dylib
0x000000000105e000 	/usr/lib/libobjc.A.dylib
0x000000000105e000 	/System/Library/Frameworks/CoreFoundation.framework/Versions/A/CoreFoundation
0x000000000105e000 	/System/Library/Frameworks/Foundation.framework/Versions/C/Foundation
0x000000000105e000 	/System/Library/Frameworks/AppKit.framework/Versions/C/AppKit
0x000000000105e000 	/System/Library/Frameworks/CoreData.framework/Versions/A/CoreData
0x000000000105e000 	/System/Library/PrivateFrameworks/RemoteViewServices.framework/Versions/A/RemoteViewServices
0x000000000105e000 	/System/Library/PrivateFrameworks/UIFoundation.framework/Versions/A/UIFoundation
0x000000000105e000 	/usr/lib/libScreenReader.dylib
0x000000000105e000 	/System/Library/Frameworks/Accelerate.framework/Versions/A/Accelerate
0x000000000105e000 	/System/Library/Frameworks/IOSurface.framework/Versions/A/IOSurface
0x000000000105e000 	/System/Library/Frameworks/AudioToolbox.framework/Versions/A/AudioToolbox
0x000000000105e000 	/System/Library/Frameworks/AudioUnit.framework/Versions/A/AudioUnit
0x000000000105e000 	/System/Library/PrivateFrameworks/DataDetectorsCore.framework/Versions/A/DataDetectorsCore
0x000000000105e000 	/System/Library/PrivateFrameworks/DesktopServicesPriv.framework/Versions/A/DesktopServicesPriv
0x000000000105e000 	/System/Library/Frameworks/Carbon.framework/Versions/A/Frameworks/HIToolbox.framework/Versions/A/HIToolbox
0x000000000105e000 	/System/Library/Frameworks/QuartzCore.framework/Versions/A/QuartzCore
0x000000000105e000 	/System/Library/Frameworks/Carbon.framework/Versions/A/Frameworks/SpeechRecognition.framework/Versions/A/SpeechRecognition
0x000000000105e000 	/usr/lib/libauto.dylib
0x000000000105e000 	/usr/lib/libicucore.A.dylib
0x000000000105e000 	/usr/lib/libxml2.2.dylib
0x000000000105e000 	/System/Library/PrivateFrameworks/CoreUI.framework/Versions/A/CoreUI
0x000000000105e000 	/System/Library/Frameworks/CoreAudio.framework/Versions/A/CoreAudio
0x000000000105e000 	/System/Library/Frameworks/DiskArbitration.framework/Versions/A/DiskArbitration
0x000000000105e000 	/usr/lib/liblangid.dylib
0x000000000105e000 	/System/Library/PrivateFrameworks/MultitouchSupport.framework/Versions/A/MultitouchSupport
0x000000000105e000 	/System/Library/Frameworks/IOKit.framework/Versions/A/IOKit
0x000000000105e000 	/usr/lib/libDiagnosticMessagesClient.dylib
0x000000000105e000 	/System/Library/Frameworks/CoreServices.framework/Versions/A/CoreServices
0x000000000105e000 	/System/Library/PrivateFrameworks/PerformanceAnalysis.framework/Versions/A/PerformanceAnalysis
0x000000000105e000 	/System/Library/PrivateFrameworks/GenerationalStorage.framework/Versions/A/GenerationalStorage
0x000000000105e000 	/System/Library/Frameworks/OpenGL.framework/Versions/A/OpenGL
0x000000000105e000 	/System/Library/PrivateFrameworks/Sharing.framework/Versions/A/Sharing
0x000000000105e000 	/System/Library/Frameworks/CoreGraphics.framework/Versions/A/CoreGraphics
0x000000000105e000 	/System/Library/Frameworks/CoreImage.framework/Versions/A/CoreImage
0x000000000105e000 	/System/Library/Frameworks/CoreText.framework/Versions/A/CoreText
0x000000000105e000 	/System/Library/Frameworks/ImageIO.framework/Versions/A/ImageIO
0x000000000105e000 	/System/Library/PrivateFrameworks/Backup.framework/Versions/A/Backup
0x000000000105e000 	/usr/lib/libextension.dylib
0x000000000105e000 	/usr/lib/libarchive.2.dylib
0x000000000105e000 	/System/Library/Frameworks/CFNetwork.framework/Versions/A/CFNetwork
0x000000000105e000 	/System/Library/Frameworks/SystemConfiguration.framework/Versions/A/SystemConfiguration
0x000000000105e000 	/usr/lib/libCRFSuite.dylib
0x000000000105e000 	/usr/lib/libc++.1.dylib
0x000000000105e000 	/usr/lib/libc++abi.dylib
0x000000000105e000 	/usr/lib/system/libcache.dylib
0x000000000105e000 	/usr/lib/system/libcommonCrypto.dylib
0x000000000105e000 	/usr/lib/system/libcompiler_rt.dylib
0x000000000105e000 	/usr/lib/system/libcopyfile.dylib
0x000000000105e000 	/usr/lib/system/libcorecrypto.dylib
0x000000000105e000 	/usr/lib/system/libdispatch.dylib
0x000000000105e000 	/usr/lib/system/libdyld.dylib
0x000000000105e000 	/usr/lib/system/libkeymgr.dylib
0x000000000105e000 	/usr/lib/system/liblaunch.dylib
0x000000000105e000 	/usr/lib/system/libmacho.dylib
0x000000000105e000 	/usr/lib/system/libquarantine.dylib
0x000000000105e000 	/usr/lib/system/libremovefile.dylib
0x000000000105e000 	/usr/lib/system/libsystem_asl.dylib
0x000000000105e000 	/usr/lib/system/libsystem_blocks.dylib
0x000000000105e000 	/usr/lib/system/libsystem_c.dylib
0x000000000105e000 	/usr/lib/system/libsystem_configuration.dylib
0x000000000105e000 	/usr/lib/system/libsystem_coreservices.dylib
0x000000000105e000 	/usr/lib/system/libsystem_coretls.dylib
0x000000000105e000 	/usr/lib/system/libsystem_dnssd.dylib
0x000000000105e000 	/usr/lib/system/libsystem_info.dylib
0x000000000105e000 	/usr/lib/system/libsystem_kernel.dylib
0x000000000105e000 	/usr/lib/system/libsystem_m.dylib
0x000000000105e000 	/usr/lib/system/libsystem_malloc.dylib
0x000000000105e000 	/usr/lib/system/libsystem_network.dylib
0x000000000105e000 	/usr/lib/system/libsystem_networkextension.dylib
0x000000000105e000 	/usr/lib/system/libsystem_notify.dylib
0x000000000105e000 	/usr/lib/system/libsystem_platform.dylib
0x000000000105e000 	/usr/lib/system/libsystem_pthread.dylib
0x000000000105e000 	/usr/lib/system/libsystem_sandbox.dylib
0x000000000105e000 	/usr/lib/system/libsystem_secinit.dylib
0x000000000105e000 	/usr/lib/system/libsystem_trace.dylib
0x000000000105e000 	/usr/lib/system/libunc.dylib
0x000000000105e000 	/usr/lib/system/libunwind.dylib
0x000000000105e000 	/usr/lib/system/libxpc.dylib
0x000000000105e000 	/usr/lib/libenergytrace.dylib
0x000000000105e000 	/usr/lib/libbsm.0.dylib
0x000000000105e000 	/usr/lib/system/libkxld.dylib
0x000000000105e000 	/usr/lib/libxar.1.dylib
0x000000000105e000 	/usr/lib/libsqlite3.dylib
0x000000000105e000 	/usr/lib/libpam.2.dylib
0x000000000105e000 	/usr/lib/libOpenScriptingUtil.dylib
0x000000000105e000 	/usr/lib/libbz2.1.0.dylib
0x000000000105e000 	/usr/lib/liblzma.5.dylib
0x000000000105e000 	/System/Library/Frameworks/CoreServices.framework/Versions/A/Frameworks/FSEvents.framework/Versions/A/FSEvents
0x000000000105e000 	/System/Library/Frameworks/CoreServices.framework/Versions/A/Frameworks/CarbonCore.framework/Versions/A/CarbonCore
0x000000000105e000 	/System/Library/Frameworks/CoreServices.framework/Versions/A/Frameworks/Metadata.framework/Versions/A/Metadata
0x000000000105e000 	/System/Library/Frameworks/CoreServices.framework/Versions/A/Frameworks/OSServices.framework/Versions/A/OSServices
0x000000000105e000 	/System/Library/Frameworks/CoreServices.framework/Versions/A/Frameworks/SearchKit.framework/Versions/A/SearchKit
0x000000000105e000 	/System/Library/Frameworks/CoreServices.framework/Versions/A/Frameworks/AE.framework/Versions/A/AE
0x000000000105e000 	/System/Library/Frameworks/CoreServices.framework/Versions/A/Frameworks/LaunchServices.framework/Versions/A/LaunchServices
0x000000000105e000 	/System/Library/Frameworks/CoreServices.framework/Versions/A/Frameworks/DictionaryServices.framework/Versions/A/DictionaryServices
0x000000000105e000 	/System/Library/Frameworks/CoreServices.framework/Versions/A/Frameworks/SharedFileList.framework/Versions/A/SharedFileList
0x000000000105e000 	/System/Library/Frameworks/NetFS.framework/Versions/A/NetFS
0x000000000105e000 	/System/Library/PrivateFrameworks/NetAuth.framework/Versions/A/NetAuth
0x000000000105e000 	/System/Library/PrivateFrameworks/login.framework/Versions/A/Frameworks/loginsupport.framework/Versions/A/loginsupport
0x000000000105e000 	/System/Library/PrivateFrameworks/TCC.framework/Versions/A/TCC
0x000000000105e000 	/usr/lib/libmecabra.dylib
0x000000000105e000 	/System/Library/Frameworks/ApplicationServices.framework/Versions/A/Frameworks/ATS.framework/Versions/A/ATS
0x000000000105e000 	/System/Library/Frameworks/ApplicationServices.framework/Versions/A/Frameworks/ColorSync.framework/Versions/A/ColorSync
0x000000000105e000 	/System/Library/Frameworks/ApplicationServices.framework/Versions/A/Frameworks/HIServices.framework/Versions/A/HIServices
0x000000000105e000 	/System/Library/Frameworks/ApplicationServices.framework/Versions/A/Frameworks/LangAnalysis.framework/Versions/A/LangAnalysis
0x000000000105e000 	/System/Library/Frameworks/ApplicationServices.framework/Versions/A/Frameworks/PrintCore.framework/Versions/A/PrintCore
0x000000000105e000 	/System/Library/Frameworks/ApplicationServices.framework/Versions/A/Frameworks/QD.framework/Versions/A/QD
0x000000000105e000 	/System/Library/Frameworks/ApplicationServices.framework/Versions/A/Frameworks/SpeechSynthesis.framework/Versions/A/SpeechSynthesis
0x000000000105e000 	/System/Library/Frameworks/Metal.framework/Versions/A/Metal
0x000000000105e000 	/System/Library/Frameworks/Accelerate.framework/Versions/A/Frameworks/vImage.framework/Versions/A/vImage
0x000000000105e000 	/System/Library/Frameworks/Accelerate.framework/Versions/A/Frameworks/vecLib.framework/Versions/A/vecLib
0x000000000105e000 	/System/Library/Frameworks/Accelerate.framework/Versions/A/Frameworks/vecLib.framework/Versions/A/libvDSP.dylib
0x000000000105e000 	/System/Library/Frameworks/Accelerate.framework/Versions/A/Frameworks/vecLib.framework/Versions/A/libvMisc.dylib
0x000000000105e000 	/System/Library/Frameworks/Accelerate.framework/Versions/A/Frameworks/vecLib.framework/Versions/A/libLAPACK.dylib
0x000000000105e000 	/System/Library/Frameworks/Accelerate.framework/Versions/A/Frameworks/vecLib.framework/Versions/A/libBLAS.dylib
0x000000000105e000 	/System/Library/Frameworks/Accelerate.framework/Versions/A/Frameworks/vecLib.framework/Versions/A/libLinearAlgebra.dylib
0x000000000105e000 	/System/Library/Frameworks/Accelerate.framework/Versions/A/Frameworks/vecLib.framework/Versions/A/libSparseBLAS.dylib
0x000000000105e000 	/System/Library/PrivateFrameworks/GPUCompiler.framework/libmetal_timestamp.dylib
0x000000000105e000 	/System/Library/Frameworks/OpenGL.framework/Versions/A/Libraries/libCoreFSCache.dylib
0x000000000105e000 	/System/Library/PrivateFrameworks/IOAccelerator.framework/Versions/A/IOAccelerator
0x000000000105e000 	/System/Library/Frameworks/ApplicationServices.framework/Versions/A/Frameworks/ATS.framework/Versions/A/Resources/libFontParser.dylib
0x000000000105e000 	/System/Library/Frameworks/ApplicationServices.framework/Versions/A/Frameworks/ATS.framework/Versions/A/Resources/libFontRegistry.dylib
0x000000000105e000 	/System/Library/PrivateFrameworks/AppleVPA.framework/Versions/A/AppleVPA
0x000000000105e000 	/System/Library/PrivateFrameworks/AppleJPEG.framework/Versions/A/AppleJPEG
0x000000000105e000 	/System/Library/Frameworks/ImageIO.framework/Versions/A/Resources/libJPEG.dylib
0x000000000105e000 	/System/Library/Frameworks/ImageIO.framework/Versions/A/Resources/libTIFF.dylib
0x000000000105e000 	/System/Library/Frameworks/ImageIO.framework/Versions/A/Resources/libPng.dylib
0x000000000105e000 	/System/Library/Frameworks/ImageIO.framework/Versions/A/Resources/libGIF.dylib
0x000000000105e000 	/System/Library/Frameworks/ImageIO.framework/Versions/A/Resources/libJP2.dylib
0x000000000105e000 	/System/Library/Frameworks/ImageIO.framework/Versions/A/Resources/libRadiance.dylib
0x000000000105e000 	/System/Library/Frameworks/CoreVideo.framework/Versions/A/CoreVideo
0x000000000105e000 	/System/Library/Frameworks/OpenGL.framework/Versions/A/Libraries/libGLU.dylib
0x000000000105e000 	/System/Library/Frameworks/OpenGL.framework/Versions/A/Libraries/libGFXShared.dylib
0x000000000105e000 	/System/Library/Frameworks/OpenGL.framework/Versions/A/Libraries/libGL.dylib
0x000000000105e000 	/System/Library/Frameworks/OpenGL.framework/Versions/A/Libraries/libGLImage.dylib
0x000000000105e000 	/System/Library/Frameworks/OpenGL.framework/Versions/A/Libraries/libCVMSPluginSupport.dylib
0x000000000105e000 	/System/Library/Frameworks/OpenGL.framework/Versions/A/Libraries/libCoreVMClient.dylib
0x000000000105e000 	/usr/lib/libcups.2.dylib
0x000000000105e000 	/System/Library/Frameworks/Kerberos.framework/Versions/A/Kerberos
0x000000000105e000 	/System/Library/Frameworks/GSS.framework/Versions/A/GSS
0x000000000105e000 	/usr/lib/libresolv.9.dylib
0x000000000105e000 	/usr/lib/libiconv.2.dylib
0x000000000105e000 	/System/Library/PrivateFrameworks/Heimdal.framework/Versions/A/Heimdal
0x000000000105e000 	/usr/lib/libheimdal-asn1.dylib
0x000000000105e000 	/System/Library/Frameworks/OpenDirectory.framework/Versions/A/OpenDirectory
0x000000000105e000 	/System/Library/PrivateFrameworks/CommonAuth.framework/Versions/A/CommonAuth
0x000000000105e000 	/System/Library/Frameworks/OpenDirectory.framework/Versions/A/Frameworks/CFOpenDirectory.framework/Versions/A/CFOpenDirectory
0x000000000105e000 	/System/Library/Frameworks/SecurityFoundation.framework/Versions/A/SecurityFoundation
0x000000000105e000 	/System/Library/PrivateFrameworks/LanguageModeling.framework/Versions/A/LanguageModeling
0x000000000105e000 	/usr/lib/libmarisa.dylib
0x000000000105e000 	/usr/lib/libChineseTokenizer.dylib
0x000000000105e000 	/usr/lib/libcmph.dylib
0x000000000105e000 	/usr/lib/libcompression.dylib
0x000000000105e000 	/System/Library/Frameworks/ServiceManagement.framework/Versions/A/ServiceManagement
0x000000000105e000 	/usr/lib/libxslt.1.dylib
0x000000000105e000 	/System/Library/Frameworks/Carbon.framework/Versions/A/Frameworks/Ink.framework/Versions/A/Ink
0x000000000105e000 	/usr/lib/libFosl_dynamic.dylib
0x000000000105e000 	/System/Library/PrivateFrameworks/FaceCore.framework/Versions/A/FaceCore
0x000000000105e000 	/System/Library/Frameworks/OpenCL.framework/Versions/A/OpenCL
0x000000000105e000 	/System/Library/PrivateFrameworks/CrashReporterSupport.framework/Versions/A/CrashReporterSupport
0x000000000105e000 	/System/Library/PrivateFrameworks/IconServices.framework/Versions/A/IconServices
0x000000000105e000 	/System/Library/PrivateFrameworks/Apple80211.framework/Versions/A/Apple80211
0x000000000105e000 	/System/Library/Frameworks/CoreWLAN.framework/Versions/A/CoreWLAN
0x000000000105e000 	/System/Library/Frameworks/IOBluetooth.framework/Versions/A/IOBluetooth
0x000000000105e000 	/System/Library/PrivateFrameworks/CoreWiFi.framework/Versions/A/CoreWiFi
0x000000000105e000 	/System/Library/Frameworks/CoreBluetooth.framework/Versions/A/CoreBluetooth
0x000000000105e000 	/System/Library/PrivateFrameworks/ChunkingLibrary.framework/Versions/A/ChunkingLibrary
0x000000000105e000 	/System/Library/PrivateFrameworks/DebugSymbols.framework/Versions/A/DebugSymbols
0x000000000105e000 	/System/Library/PrivateFrameworks/CoreSymbolication.framework/Versions/A/CoreSymbolication
0x000000000105e000 	/System/Library/PrivateFrameworks/Symbolication.framework/Versions/A/Symbolication
0x000000000105e000 	/System/Library/PrivateFrameworks/SpeechRecognitionCore.framework/Versions/A/SpeechRecognitionCore
0x000000010a400000 	/Library/Java/JavaVirtualMachines/jdk1.8.0_45.jdk/Contents/Home/jre/lib/server/libjvm.dylib
0x000000000105e000 	/usr/lib/libstdc++.6.dylib
0x00000001092da000 	/Library/Java/JavaVirtualMachines/jdk1.8.0_45.jdk/Contents/Home/jre/lib/libverify.dylib
0x00000001092e8000 	/Library/Java/JavaVirtualMachines/jdk1.8.0_45.jdk/Contents/Home/jre/lib/libjava.dylib
0x0000000109327000 	/Library/Java/JavaVirtualMachines/jdk1.8.0_45.jdk/Contents/Home/jre/lib/libzip.dylib
0x000000012632b000 	/System/Library/Frameworks/JavaVM.framework/Frameworks/JavaRuntimeSupport.framework/JavaRuntimeSupport
0x0000000126346000 	/System/Library/Frameworks/JavaVM.framework/Versions/A/Frameworks/JavaNativeFoundation.framework/Versions/A/JavaNativeFoundation
0x000000012635b000 	/System/Library/Frameworks/JavaVM.framework/Versions/A/JavaVM
0x000000000105e000 	/System/Library/Frameworks/Carbon.framework/Versions/A/Carbon
0x0000000126368000 	/System/Library/PrivateFrameworks/JavaLaunching.framework/Versions/A/JavaLaunching
0x000000000105e000 	/System/Library/Frameworks/Carbon.framework/Versions/A/Frameworks/CommonPanels.framework/Versions/A/CommonPanels
0x000000000105e000 	/System/Library/Frameworks/Carbon.framework/Versions/A/Frameworks/Help.framework/Versions/A/Help
0x000000000105e000 	/System/Library/Frameworks/Carbon.framework/Versions/A/Frameworks/ImageCapture.framework/Versions/A/ImageCapture
0x000000000105e000 	/System/Library/Frameworks/Carbon.framework/Versions/A/Frameworks/OpenScripting.framework/Versions/A/OpenScripting
0x000000000105e000 	/System/Library/Frameworks/Carbon.framework/Versions/A/Frameworks/Print.framework/Versions/A/Print
0x000000000105e000 	/System/Library/Frameworks/Carbon.framework/Versions/A/Frameworks/SecurityHI.framework/Versions/A/SecurityHI
0x0000000127d20000 	/Library/Java/JavaVirtualMachines/jdk1.8.0_45.jdk/Contents/Home/jre/lib/libprism_es2.dylib
0x000000000105e000 	/System/Library/Frameworks/OpenGL.framework/Versions/A/Resources/GLEngine.bundle/GLEngine
0x000000000105e000 	/System/Library/Frameworks/OpenGL.framework/Versions/A/Libraries/libGLProgrammability.dylib
0x0000000127da1000 	/System/Library/Extensions/AppleIntelHD5000GraphicsGLDriver.bundle/Contents/MacOS/AppleIntelHD5000GraphicsGLDriver
0x000000000105e000 	/System/Library/PrivateFrameworks/GPUSupport.framework/Versions/A/Libraries/libGPUSupportMercury.dylib
0x00000001284f4000 	/System/Library/Extensions/AMDRadeonX4000GLDriver.bundle/Contents/MacOS/AMDRadeonX4000GLDriver
0x00000001285c0000 	/System/Library/Extensions/AMDRadeonX4000GLDriver.bundle/Contents/MacOS/ATIRadeonX4000SCLib.dylib
0x000000000105e000 	/System/Library/Frameworks/OpenGL.framework/Versions/A/Resources/GLRendererFloat.bundle/GLRendererFloat
0x000000000105e000 	/System/Library/Frameworks/OpenCL.framework/Versions/A/Libraries/libcldcpuengine.dylib
0x000000000105e000 	/System/Library/PrivateFrameworks/DiskImages.framework/Versions/A/DiskImages
0x000000000105e000 	/System/Library/Frameworks/DiscRecording.framework/Versions/A/DiscRecording
0x000000000105e000 	/usr/lib/libcsfde.dylib
0x000000000105e000 	/usr/lib/libcurl.4.dylib
0x000000000105e000 	/System/Library/PrivateFrameworks/MediaKit.framework/Versions/A/MediaKit
0x000000000105e000 	/System/Library/PrivateFrameworks/ProtectedCloudStorage.framework/Versions/A/ProtectedCloudStorage
0x000000000105e000 	/usr/lib/libCoreStorage.dylib
0x000000000105e000 	/System/Library/PrivateFrameworks/EFILogin.framework/Versions/A/EFILogin
0x000000000105e000 	/usr/lib/libutil.dylib
0x000000000105e000 	/System/Library/PrivateFrameworks/FindMyDevice.framework/Versions/A/FindMyDevice
0x000000000105e000 	/System/Library/Frameworks/LDAP.framework/Versions/A/LDAP
0x000000000105e000 	/usr/lib/libsasl2.2.dylib
0x000000000105e000 	/System/Library/PrivateFrameworks/CoreDaemon.framework/Versions/B/CoreDaemon
0x000000000105e000 	/usr/lib/libcrypto.0.9.8.dylib
0x000000000105e000 	/System/Library/PrivateFrameworks/AppleSRP.framework/Versions/A/AppleSRP
0x000000000105e000 	/System/Library/PrivateFrameworks/TrustEvaluationAgent.framework/Versions/A/TrustEvaluationAgent
0x0000000128aef000 	/Library/Java/JavaVirtualMachines/jdk1.8.0_45.jdk/Contents/Home/jre/lib/libglass.dylib
0x000000000105e000 	/System/Library/PrivateFrameworks/CoreServicesInternal.framework/Versions/A/CoreServicesInternal
0x000000000105e000 	/System/Library/CoreServices/RawCamera.bundle/Contents/MacOS/RawCamera
0x000000000105e000 	/System/Library/Frameworks/CoreGraphics.framework/Versions/A/Resources/libRIP.A.dylib
0x000000000105e000 	/System/Library/Frameworks/Accelerate.framework/Versions/A/Frameworks/vImage.framework/Versions/A/Libraries/libCGInterfaces.dylib
0x000000000105e000 	/System/Library/PrivateFrameworks/FamilyControls.framework/Versions/A/FamilyControls
0x000000000105e000 	/System/Library/PrivateFrameworks/CommerceKit.framework/Versions/A/Frameworks/CommerceCore.framework/Versions/A/CommerceCore
0x000000000105e000 	/System/Library/PrivateFrameworks/SystemAdministration.framework/Versions/A/SystemAdministration
0x000000000105e000 	/System/Library/PrivateFrameworks/AppContainer.framework/Versions/A/AppContainer
0x000000000105e000 	/System/Library/PrivateFrameworks/SecCodeWrapper.framework/Versions/A/SecCodeWrapper
0x000000000105e000 	/System/Library/Frameworks/DirectoryService.framework/Versions/A/DirectoryService
0x000000000105e000 	/System/Library/PrivateFrameworks/LoginUIKit.framework/Versions/A/Frameworks/LoginUICore.framework/Versions/A/LoginUICore
0x000000000105e000 	/usr/lib/libodfde.dylib
0x0000000129778000 	/Library/Java/JavaVirtualMachines/jdk1.8.0_45.jdk/Contents/Home/jre/lib/libjavafx_font.dylib
0x000000000105e000 	/System/Library/Frameworks/CoreGraphics.framework/Versions/A/Resources/libCGXType.A.dylib
0x00000001298a2000 	cl_kernels
0x000000000105e000 	/System/Library/Frameworks/OpenCL.framework/Versions/A/Libraries/ImageFormats/unorm8_bgra.dylib
0x000000000105e000 	/System/Library/Frameworks/OpenCL.framework/Versions/A/Libraries/ImageFormats/unorm8_rgba.dylib
0x000000012d203000 	/Library/Java/JavaVirtualMachines/jdk1.8.0_45.jdk/Contents/Home/jre/lib/libprism_common.dylib
0x0000000130b85000 	/System/Library/Extensions/AMDMTLBronzeDriver.bundle/Contents/MacOS/AMDMTLBronzeDriver
0x000000000105e000 	/System/Library/PrivateFrameworks/IOAccelMemoryInfo.framework/Versions/A/IOAccelMemoryInfo
0x0000000130ccc000 	/System/Library/Extensions/AppleIntelHD5000GraphicsMTLDriver.bundle/Contents/MacOS/AppleIntelHD5000GraphicsMTLDriver

VM Arguments:
jvm_args: -Dfile.encoding=UTF-8 
java_command: /Users/YinQuan/NetBeansProjects/giftwrapping/dist/run1910354127/giftwrapping.jar
java_class_path (initial): /Users/YinQuan/NetBeansProjects/giftwrapping/dist/run1910354127/giftwrapping.jar
Launcher Type: SUN_STANDARD

Environment Variables:
PATH=/usr/bin:/bin:/usr/sbin:/sbin
LD_LIBRARY_PATH=/Library/Java/JavaVirtualMachines/jdk1.8.0_45.jdk/Contents/Home/jre/lib/amd64:/Library/Java/JavaVirtualMachines/jdk1.8.0_45.jdk/Contents/Home/jre/lib/i386:
SHELL=/bin/bash

Signal Handlers:
SIGSEGV: [libjvm.dylib+0x58ef95], sa_mask[0]=11111111011111110111111111111111, sa_flags=SA_ONSTACK|SA_RESTART|SA_SIGINFO
SIGBUS: [libjvm.dylib+0x58ef95], sa_mask[0]=11111111011111110111111111111111, sa_flags=SA_RESTART|SA_SIGINFO
SIGFPE: [libjvm.dylib+0x46c108], sa_mask[0]=11111111011111110111111111111111, sa_flags=SA_RESTART|SA_SIGINFO
SIGPIPE: [libjvm.dylib+0x46c108], sa_mask[0]=11111111011111110111111111111111, sa_flags=SA_RESTART|SA_SIGINFO
SIGXFSZ: [libjvm.dylib+0x46c108], sa_mask[0]=11111111011111110111111111111111, sa_flags=SA_RESTART|SA_SIGINFO
SIGILL: [libjvm.dylib+0x46c108], sa_mask[0]=11111111011111110111111111111111, sa_flags=SA_RESTART|SA_SIGINFO
SIGUSR1: SIG_DFL, sa_mask[0]=00000000000000000000000000000000, sa_flags=none
SIGUSR2: [libjvm.dylib+0x46bc26], sa_mask[0]=00100000000000000000000000000000, sa_flags=SA_RESTART|SA_SIGINFO
SIGHUP: [libjvm.dylib+0x46a1f9], sa_mask[0]=11111111011111110111111111111111, sa_flags=SA_RESTART|SA_SIGINFO
SIGINT: SIG_IGN, sa_mask[0]=00000000000000000000000000000000, sa_flags=none
SIGTERM: [libjvm.dylib+0x46a1f9], sa_mask[0]=11111111011111110111111111111111, sa_flags=SA_RESTART|SA_SIGINFO
SIGQUIT: [libjvm.dylib+0x46a1f9], sa_mask[0]=11111111011111110111111111111111, sa_flags=SA_RESTART|SA_SIGINFO


---------------  S Y S T E M  ---------------

OS:Bsduname:Darwin 15.4.0 Darwin Kernel Version 15.4.0: Fri Feb 26 22:08:05 PST 2016; root:xnu-3248.40.184~3/RELEASE_X86_64 x86_64
rlimit: STACK 8192k, CORE 0k, NPROC 709, NOFILE 10240, AS infinity
load average:2.12 2.12 2.16

CPU:total 8 (4 cores per cpu, 2 threads per core) family 6 model 70 stepping 1, cmov, cx8, fxsr, mmx, sse, sse2, sse3, ssse3, sse4.1, sse4.2, popcnt, avx, avx2, aes, clmul, erms, lzcnt, ht, tsc, tscinvbit, bmi1, bmi2

Memory: 4k page, physical 16777216k(1860964k free)

/proc/meminfo:


vm_info: Java HotSpot(TM) 64-Bit Server VM (25.45-b02) for bsd-amd64 JRE (1.8.0_45-b14), built on Apr 10 2015 10:46:38 by "java_re" with gcc 4.2.1 (Based on Apple Inc. build 5658) (LLVM build 2336.11.00)

time: Sun Apr 30 06:01:16 2017
elapsed time: 76 seconds (0d 0h 1m 16s)

